CRITICAL - 2023-04-04 12:07:52 --> Call to a member function employee_list() on null
in APPPATH\Controllers\Management_ci.php on line 11.
 1 SYSTEMPATH\CodeIgniter.php(934): App\Controllers\Management_ci->add_employee_target()
 2 SYSTEMPATH\CodeIgniter.php(499): CodeIgniter\CodeIgniter->runController(Object(App\Controllers\Management_ci))
 3 SYSTEMPATH\CodeIgniter.php(368): CodeIgniter\CodeIgniter->handleRequest(null, Object(Config\Cache), false)
 4 FCPATH\index.php(67): CodeIgniter\CodeIgniter->run()
CRITICAL - 2023-04-04 12:08:28 --> Call to a member function employee_list() on null
in APPPATH\Controllers\Management_ci.php on line 11.
 1 SYSTEMPATH\CodeIgniter.php(934): App\Controllers\Management_ci->add_employee_target()
 2 SYSTEMPATH\CodeIgniter.php(499): CodeIgniter\CodeIgniter->runController(Object(App\Controllers\Management_ci))
 3 SYSTEMPATH\CodeIgniter.php(368): CodeIgniter\CodeIgniter->handleRequest(null, Object(Config\Cache), false)
 4 FCPATH\index.php(67): CodeIgniter\CodeIgniter->run()
CRITICAL - 2023-04-04 12:08:48 --> Too few arguments to function App\Controllers\Management_ci::__construct(), 0 passed in C:\xampp\htdocs\fm_pos\system\CodeIgniter.php on line 906 and exactly 1 expected
in APPPATH\Controllers\Management_ci.php on line 12.
 1 SYSTEMPATH\CodeIgniter.php(906): App\Controllers\Management_ci->__construct()
 2 SYSTEMPATH\CodeIgniter.php(490): CodeIgniter\CodeIgniter->createController()
 3 SYSTEMPATH\CodeIgniter.php(368): CodeIgniter\CodeIgniter->handleRequest(null, Object(Config\Cache), false)
 4 FCPATH\index.php(67): CodeIgniter\CodeIgniter->run()
CRITICAL - 2023-04-04 12:09:38 --> Call to a member function employee_list() on null
in APPPATH\Controllers\Management_ci.php on line 12.
 1 SYSTEMPATH\CodeIgniter.php(934): App\Controllers\Management_ci->add_employee_target()
 2 SYSTEMPATH\CodeIgniter.php(499): CodeIgniter\CodeIgniter->runController(Object(App\Controllers\Management_ci))
 3 SYSTEMPATH\CodeIgniter.php(368): CodeIgniter\CodeIgniter->handleRequest(null, Object(Config\Cache), false)
 4 FCPATH\index.php(67): CodeIgniter\CodeIgniter->run()
CRITICAL - 2023-04-04 12:11:02 --> Call to a member function target_list() on null
in APPPATH\Controllers\Management_ci.php on line 13.
 1 SYSTEMPATH\CodeIgniter.php(934): App\Controllers\Management_ci->add_employee_target()
 2 SYSTEMPATH\CodeIgniter.php(499): CodeIgniter\CodeIgniter->runController(Object(App\Controllers\Management_ci))
 3 SYSTEMPATH\CodeIgniter.php(368): CodeIgniter\CodeIgniter->handleRequest(null, Object(Config\Cache), false)
 4 FCPATH\index.php(67): CodeIgniter\CodeIgniter->run()
CRITICAL - 2023-04-04 12:11:03 --> Call to a member function target_list() on null
in APPPATH\Controllers\Management_ci.php on line 13.
 1 SYSTEMPATH\CodeIgniter.php(934): App\Controllers\Management_ci->add_employee_target()
 2 SYSTEMPATH\CodeIgniter.php(499): CodeIgniter\CodeIgniter->runController(Object(App\Controllers\Management_ci))
 3 SYSTEMPATH\CodeIgniter.php(368): CodeIgniter\CodeIgniter->handleRequest(null, Object(Config\Cache), false)
 4 FCPATH\index.php(67): CodeIgniter\CodeIgniter->run()
CRITICAL - 2023-04-04 12:11:04 --> Call to a member function target_list() on null
in APPPATH\Controllers\Management_ci.php on line 13.
 1 SYSTEMPATH\CodeIgniter.php(934): App\Controllers\Management_ci->add_employee_target()
 2 SYSTEMPATH\CodeIgniter.php(499): CodeIgniter\CodeIgniter->runController(Object(App\Controllers\Management_ci))
 3 SYSTEMPATH\CodeIgniter.php(368): CodeIgniter\CodeIgniter->handleRequest(null, Object(Config\Cache), false)
 4 FCPATH\index.php(67): CodeIgniter\CodeIgniter->run()
CRITICAL - 2023-04-04 12:11:04 --> Call to a member function target_list() on null
in APPPATH\Controllers\Management_ci.php on line 13.
 1 SYSTEMPATH\CodeIgniter.php(934): App\Controllers\Management_ci->add_employee_target()
 2 SYSTEMPATH\CodeIgniter.php(499): CodeIgniter\CodeIgniter->runController(Object(App\Controllers\Management_ci))
 3 SYSTEMPATH\CodeIgniter.php(368): CodeIgniter\CodeIgniter->handleRequest(null, Object(Config\Cache), false)
 4 FCPATH\index.php(67): CodeIgniter\CodeIgniter->run()
CRITICAL - 2023-04-04 12:11:04 --> Call to a member function target_list() on null
in APPPATH\Controllers\Management_ci.php on line 13.
 1 SYSTEMPATH\CodeIgniter.php(934): App\Controllers\Management_ci->add_employee_target()
 2 SYSTEMPATH\CodeIgniter.php(499): CodeIgniter\CodeIgniter->runController(Object(App\Controllers\Management_ci))
 3 SYSTEMPATH\CodeIgniter.php(368): CodeIgniter\CodeIgniter->handleRequest(null, Object(Config\Cache), false)
 4 FCPATH\index.php(67): CodeIgniter\CodeIgniter->run()
CRITICAL - 2023-04-04 12:11:49 --> Call to a member function employee_list() on null
in APPPATH\Controllers\Management_ci.php on line 19.
 1 SYSTEMPATH\CodeIgniter.php(934): App\Controllers\Management_ci->add_employee_target()
 2 SYSTEMPATH\CodeIgniter.php(499): CodeIgniter\CodeIgniter->runController(Object(App\Controllers\Management_ci))
 3 SYSTEMPATH\CodeIgniter.php(368): CodeIgniter\CodeIgniter->handleRequest(null, Object(Config\Cache), false)
 4 FCPATH\index.php(67): CodeIgniter\CodeIgniter->run()
