CRITICAL - 2023-04-09 06:20:36 --> Call to a member function countAllResults() on null
in APPPATH\Controllers\Index_ci.php on line 67.
 1 SYSTEMPATH\CodeIgniter.php(934): App\Controllers\Index_ci->signupAuth()
 2 SYSTEMPATH\CodeIgniter.php(499): CodeIgniter\CodeIgniter->runController(Object(App\Controllers\Index_ci))
 3 SYSTEMPATH\CodeIgniter.php(368): CodeIgniter\CodeIgniter->handleRequest(null, Object(Config\Cache), false)
 4 FCPATH\index.php(67): CodeIgniter\CodeIgniter->run()
CRITICAL - 2023-04-09 06:25:23 --> Call to a member function table() on null
in APPPATH\Controllers\Index_ci.php on line 66.
 1 SYSTEMPATH\CodeIgniter.php(934): App\Controllers\Index_ci->signupAuth()
 2 SYSTEMPATH\CodeIgniter.php(499): CodeIgniter\CodeIgniter->runController(Object(App\Controllers\Index_ci))
 3 SYSTEMPATH\CodeIgniter.php(368): CodeIgniter\CodeIgniter->handleRequest(null, Object(Config\Cache), false)
 4 FCPATH\index.php(67): CodeIgniter\CodeIgniter->run()
CRITICAL - 2023-04-09 06:25:36 --> Call to a member function table() on null
in APPPATH\Controllers\Index_ci.php on line 14.
 1 SYSTEMPATH\CodeIgniter.php(906): App\Controllers\Index_ci->__construct()
 2 SYSTEMPATH\CodeIgniter.php(490): CodeIgniter\CodeIgniter->createController()
 3 SYSTEMPATH\CodeIgniter.php(368): CodeIgniter\CodeIgniter->handleRequest(null, Object(Config\Cache), false)
 4 FCPATH\index.php(67): CodeIgniter\CodeIgniter->run()
CRITICAL - 2023-04-09 06:31:57 --> Call to a member function select() on null
in APPPATH\Controllers\Index_ci.php on line 65.
 1 SYSTEMPATH\CodeIgniter.php(934): App\Controllers\Index_ci->signupAuth()
 2 SYSTEMPATH\CodeIgniter.php(499): CodeIgniter\CodeIgniter->runController(Object(App\Controllers\Index_ci))
 3 SYSTEMPATH\CodeIgniter.php(368): CodeIgniter\CodeIgniter->handleRequest(null, Object(Config\Cache), false)
 4 FCPATH\index.php(67): CodeIgniter\CodeIgniter->run()
CRITICAL - 2023-04-09 06:32:11 --> Call to a member function select() on null
in APPPATH\Controllers\Index_ci.php on line 65.
 1 SYSTEMPATH\CodeIgniter.php(934): App\Controllers\Index_ci->signupAuth()
 2 SYSTEMPATH\CodeIgniter.php(499): CodeIgniter\CodeIgniter->runController(Object(App\Controllers\Index_ci))
 3 SYSTEMPATH\CodeIgniter.php(368): CodeIgniter\CodeIgniter->handleRequest(null, Object(Config\Cache), false)
 4 FCPATH\index.php(67): CodeIgniter\CodeIgniter->run()
CRITICAL - 2023-04-09 06:33:19 --> Call to a member function where() on null
in APPPATH\Controllers\Index_ci.php on line 66.
 1 SYSTEMPATH\CodeIgniter.php(934): App\Controllers\Index_ci->signupAuth()
 2 SYSTEMPATH\CodeIgniter.php(499): CodeIgniter\CodeIgniter->runController(Object(App\Controllers\Index_ci))
 3 SYSTEMPATH\CodeIgniter.php(368): CodeIgniter\CodeIgniter->handleRequest(null, Object(Config\Cache), false)
 4 FCPATH\index.php(67): CodeIgniter\CodeIgniter->run()
CRITICAL - 2023-04-09 06:35:15 --> Call to a member function get() on null
in APPPATH\Controllers\Index_ci.php on line 66.
 1 SYSTEMPATH\CodeIgniter.php(934): App\Controllers\Index_ci->signupAuth()
 2 SYSTEMPATH\CodeIgniter.php(499): CodeIgniter\CodeIgniter->runController(Object(App\Controllers\Index_ci))
 3 SYSTEMPATH\CodeIgniter.php(368): CodeIgniter\CodeIgniter->handleRequest(null, Object(Config\Cache), false)
 4 FCPATH\index.php(67): CodeIgniter\CodeIgniter->run()
ERROR - 2023-04-09 06:38:25 --> mysqli_sql_exception: You have an error in your SQL syntax; check the manual that corresponds to your MariaDB server version for the right syntax to use near ':0:' at line 3 in C:\xampp\htdocs\fm_pos\system\Database\MySQLi\Connection.php:295
Stack trace:
#0 C:\xampp\htdocs\fm_pos\system\Database\MySQLi\Connection.php(295): mysqli->query('SELECT *\nFROM `...', 0)
#1 C:\xampp\htdocs\fm_pos\system\Database\BaseConnection.php(691): CodeIgniter\Database\MySQLi\Connection->execute('SELECT *\nFROM `...')
#2 C:\xampp\htdocs\fm_pos\system\Database\BaseConnection.php(605): CodeIgniter\Database\BaseConnection->simpleQuery('SELECT *\nFROM `...')
#3 C:\xampp\htdocs\fm_pos\system\Database\BaseBuilder.php(1616): CodeIgniter\Database\BaseConnection->query('SELECT *\nFROM `...', Array, false)
#4 C:\xampp\htdocs\fm_pos\app\Models\Settings.php(121): CodeIgniter\Database\BaseBuilder->get()
#5 C:\xampp\htdocs\fm_pos\app\Controllers\Index_ci.php(66): App\Models\Settings->user_count('Tharindu')
#6 C:\xampp\htdocs\fm_pos\system\CodeIgniter.php(934): App\Controllers\Index_ci->signupAuth()
#7 C:\xampp\htdocs\fm_pos\system\CodeIgniter.php(499): CodeIgniter\CodeIgniter->runController(Object(App\Controllers\Index_ci))
#8 C:\xampp\htdocs\fm_pos\system\CodeIgniter.php(368): CodeIgniter\CodeIgniter->handleRequest(NULL, Object(Config\Cache), false)
#9 C:\xampp\htdocs\fm_pos\index.php(67): CodeIgniter\CodeIgniter->run()
#10 {main}
CRITICAL - 2023-04-09 06:38:25 --> You have an error in your SQL syntax; check the manual that corresponds to your MariaDB server version for the right syntax to use near ':0:' at line 3
in SYSTEMPATH\Database\BaseConnection.php on line 645.
 1 SYSTEMPATH\Database\BaseBuilder.php(1616): CodeIgniter\Database\BaseConnection->query('SELECT *
FROM `fmpos_users`
WHERE 0 = :0:', [...], false)
 2 APPPATH\Models\Settings.php(121): CodeIgniter\Database\BaseBuilder->get()
 3 APPPATH\Controllers\Index_ci.php(66): App\Models\Settings->user_count('Tharindu')
 4 SYSTEMPATH\CodeIgniter.php(934): App\Controllers\Index_ci->signupAuth()
 5 SYSTEMPATH\CodeIgniter.php(499): CodeIgniter\CodeIgniter->runController(Object(App\Controllers\Index_ci))
 6 SYSTEMPATH\CodeIgniter.php(368): CodeIgniter\CodeIgniter->handleRequest(null, Object(Config\Cache), false)
 7 FCPATH\index.php(67): CodeIgniter\CodeIgniter->run()
CRITICAL - 2023-04-09 06:39:00 --> Call to undefined method CodeIgniter\Database\MySQLi\Result::num_rows()
in APPPATH\Models\Settings.php on line 122.
 1 APPPATH\Controllers\Index_ci.php(66): App\Models\Settings->user_count('Tharindu')
 2 SYSTEMPATH\CodeIgniter.php(934): App\Controllers\Index_ci->signupAuth()
 3 SYSTEMPATH\CodeIgniter.php(499): CodeIgniter\CodeIgniter->runController(Object(App\Controllers\Index_ci))
 4 SYSTEMPATH\CodeIgniter.php(368): CodeIgniter\CodeIgniter->handleRequest(null, Object(Config\Cache), false)
 5 FCPATH\index.php(67): CodeIgniter\CodeIgniter->run()
CRITICAL - 2023-04-09 06:39:12 --> Call to a member function setFlashdata() on null
in APPPATH\Controllers\Index_ci.php on line 68.
 1 SYSTEMPATH\CodeIgniter.php(934): App\Controllers\Index_ci->signupAuth()
 2 SYSTEMPATH\CodeIgniter.php(499): CodeIgniter\CodeIgniter->runController(Object(App\Controllers\Index_ci))
 3 SYSTEMPATH\CodeIgniter.php(368): CodeIgniter\CodeIgniter->handleRequest(null, Object(Config\Cache), false)
 4 FCPATH\index.php(67): CodeIgniter\CodeIgniter->run()
CRITICAL - 2023-04-09 06:40:49 --> Call to undefined method CodeIgniter\Database\MySQLi\Result::count_all_results()
in APPPATH\Models\Settings.php on line 122.
 1 APPPATH\Controllers\Index_ci.php(66): App\Models\Settings->user_count('Tharindu')
 2 SYSTEMPATH\CodeIgniter.php(934): App\Controllers\Index_ci->signupAuth()
 3 SYSTEMPATH\CodeIgniter.php(499): CodeIgniter\CodeIgniter->runController(Object(App\Controllers\Index_ci))
 4 SYSTEMPATH\CodeIgniter.php(368): CodeIgniter\CodeIgniter->handleRequest(null, Object(Config\Cache), false)
 5 FCPATH\index.php(67): CodeIgniter\CodeIgniter->run()
CRITICAL - 2023-04-09 06:41:00 --> Call to undefined method CodeIgniter\Database\MySQLi\Result::count_all()
in APPPATH\Models\Settings.php on line 122.
 1 APPPATH\Controllers\Index_ci.php(66): App\Models\Settings->user_count('Tharindu')
 2 SYSTEMPATH\CodeIgniter.php(934): App\Controllers\Index_ci->signupAuth()
 3 SYSTEMPATH\CodeIgniter.php(499): CodeIgniter\CodeIgniter->runController(Object(App\Controllers\Index_ci))
 4 SYSTEMPATH\CodeIgniter.php(368): CodeIgniter\CodeIgniter->handleRequest(null, Object(Config\Cache), false)
 5 FCPATH\index.php(67): CodeIgniter\CodeIgniter->run()
CRITICAL - 2023-04-09 06:41:19 --> Call to a member function setFlashdata() on null
in APPPATH\Controllers\Index_ci.php on line 68.
 1 SYSTEMPATH\CodeIgniter.php(934): App\Controllers\Index_ci->signupAuth()
 2 SYSTEMPATH\CodeIgniter.php(499): CodeIgniter\CodeIgniter->runController(Object(App\Controllers\Index_ci))
 3 SYSTEMPATH\CodeIgniter.php(368): CodeIgniter\CodeIgniter->handleRequest(null, Object(Config\Cache), false)
 4 FCPATH\index.php(67): CodeIgniter\CodeIgniter->run()
CRITICAL - 2023-04-09 06:43:26 --> Call to a member function setFlashdata() on null
in APPPATH\Controllers\Index_ci.php on line 82.
 1 SYSTEMPATH\CodeIgniter.php(934): App\Controllers\Index_ci->signupAuth()
 2 SYSTEMPATH\CodeIgniter.php(499): CodeIgniter\CodeIgniter->runController(Object(App\Controllers\Index_ci))
 3 SYSTEMPATH\CodeIgniter.php(368): CodeIgniter\CodeIgniter->handleRequest(null, Object(Config\Cache), false)
 4 FCPATH\index.php(67): CodeIgniter\CodeIgniter->run()
ERROR - 2023-04-09 06:47:15 --> mysqli_sql_exception: You have an error in your SQL syntax; check the manual that corresponds to your MariaDB server version for the right syntax to use near ':0:' at line 3 in C:\xampp\htdocs\fm_pos\system\Database\MySQLi\Connection.php:295
Stack trace:
#0 C:\xampp\htdocs\fm_pos\system\Database\MySQLi\Connection.php(295): mysqli->query('SELECT *\nFROM `...', 0)
#1 C:\xampp\htdocs\fm_pos\system\Database\BaseConnection.php(691): CodeIgniter\Database\MySQLi\Connection->execute('SELECT *\nFROM `...')
#2 C:\xampp\htdocs\fm_pos\system\Database\BaseConnection.php(605): CodeIgniter\Database\BaseConnection->simpleQuery('SELECT *\nFROM `...')
#3 C:\xampp\htdocs\fm_pos\system\Database\BaseBuilder.php(1616): CodeIgniter\Database\BaseConnection->query('SELECT *\nFROM `...', Array, false)
#4 C:\xampp\htdocs\fm_pos\app\Models\Settings.php(121): CodeIgniter\Database\BaseBuilder->get()
#5 C:\xampp\htdocs\fm_pos\app\Controllers\Index_ci.php(67): App\Models\Settings->user_count('Tharindu2')
#6 C:\xampp\htdocs\fm_pos\system\CodeIgniter.php(934): App\Controllers\Index_ci->signupAuth()
#7 C:\xampp\htdocs\fm_pos\system\CodeIgniter.php(499): CodeIgniter\CodeIgniter->runController(Object(App\Controllers\Index_ci))
#8 C:\xampp\htdocs\fm_pos\system\CodeIgniter.php(368): CodeIgniter\CodeIgniter->handleRequest(NULL, Object(Config\Cache), false)
#9 C:\xampp\htdocs\fm_pos\index.php(67): CodeIgniter\CodeIgniter->run()
#10 {main}
CRITICAL - 2023-04-09 06:47:15 --> You have an error in your SQL syntax; check the manual that corresponds to your MariaDB server version for the right syntax to use near ':0:' at line 3
in SYSTEMPATH\Database\BaseConnection.php on line 645.
 1 SYSTEMPATH\Database\BaseBuilder.php(1616): CodeIgniter\Database\BaseConnection->query('SELECT *
FROM `fmpos_users`
WHERE 0 = :0:', [...], false)
 2 APPPATH\Models\Settings.php(121): CodeIgniter\Database\BaseBuilder->get()
 3 APPPATH\Controllers\Index_ci.php(67): App\Models\Settings->user_count('Tharindu2')
 4 SYSTEMPATH\CodeIgniter.php(934): App\Controllers\Index_ci->signupAuth()
 5 SYSTEMPATH\CodeIgniter.php(499): CodeIgniter\CodeIgniter->runController(Object(App\Controllers\Index_ci))
 6 SYSTEMPATH\CodeIgniter.php(368): CodeIgniter\CodeIgniter->handleRequest(null, Object(Config\Cache), false)
 7 FCPATH\index.php(67): CodeIgniter\CodeIgniter->run()
CRITICAL - 2023-04-09 06:48:33 --> Call to undefined method CodeIgniter\Database\MySQLi\Result::count_all()
in APPPATH\Models\Settings.php on line 122.
 1 APPPATH\Controllers\Index_ci.php(67): App\Models\Settings->user_count('Tharindu2')
 2 SYSTEMPATH\CodeIgniter.php(934): App\Controllers\Index_ci->signupAuth()
 3 SYSTEMPATH\CodeIgniter.php(499): CodeIgniter\CodeIgniter->runController(Object(App\Controllers\Index_ci))
 4 SYSTEMPATH\CodeIgniter.php(368): CodeIgniter\CodeIgniter->handleRequest(null, Object(Config\Cache), false)
 5 FCPATH\index.php(67): CodeIgniter\CodeIgniter->run()
CRITICAL - 2023-04-09 06:48:43 --> Call to undefined method CodeIgniter\Database\MySQLi\Result::countAll()
in APPPATH\Models\Settings.php on line 122.
 1 APPPATH\Controllers\Index_ci.php(67): App\Models\Settings->user_count('Tharindu2')
 2 SYSTEMPATH\CodeIgniter.php(934): App\Controllers\Index_ci->signupAuth()
 3 SYSTEMPATH\CodeIgniter.php(499): CodeIgniter\CodeIgniter->runController(Object(App\Controllers\Index_ci))
 4 SYSTEMPATH\CodeIgniter.php(368): CodeIgniter\CodeIgniter->handleRequest(null, Object(Config\Cache), false)
 5 FCPATH\index.php(67): CodeIgniter\CodeIgniter->run()
CRITICAL - 2023-04-09 06:50:42 --> Call to a member function table() on null
in APPPATH\Controllers\Index_ci.php on line 69.
 1 SYSTEMPATH\CodeIgniter.php(934): App\Controllers\Index_ci->signupAuth()
 2 SYSTEMPATH\CodeIgniter.php(499): CodeIgniter\CodeIgniter->runController(Object(App\Controllers\Index_ci))
 3 SYSTEMPATH\CodeIgniter.php(368): CodeIgniter\CodeIgniter->handleRequest(null, Object(Config\Cache), false)
 4 FCPATH\index.php(67): CodeIgniter\CodeIgniter->run()
CRITICAL - 2023-04-09 06:51:03 --> syntax error, unexpected 'protected' (T_PROTECTED)
in APPPATH\Controllers\Index_ci.php on line 14.
 1 SYSTEMPATH\Autoloader\Autoloader.php(289): CodeIgniter\Autoloader\Autoloader->includeFile('APPPATH\\Controllers\\Index_ci.php')
 2 SYSTEMPATH\Autoloader\Autoloader.php(267): CodeIgniter\Autoloader\Autoloader->loadInNamespace('App\\Controllers\\Index_ci')
 3 [internal function]: CodeIgniter\Autoloader\Autoloader->loadClass('App\\Controllers\\Index_ci')
 4 [internal function]: spl_autoload_call('App\\Controllers\\Index_ci')
 5 SYSTEMPATH\CodeIgniter.php(892): class_exists('\\App\\Controllers\\Index_ci', true)
 6 SYSTEMPATH\CodeIgniter.php(486): CodeIgniter\CodeIgniter->startController()
 7 SYSTEMPATH\CodeIgniter.php(368): CodeIgniter\CodeIgniter->handleRequest(null, Object(Config\Cache), false)
 8 FCPATH\index.php(67): CodeIgniter\CodeIgniter->run()
CRITICAL - 2023-04-09 06:51:40 --> Call to a member function table() on null
in APPPATH\Controllers\Index_ci.php on line 69.
 1 SYSTEMPATH\CodeIgniter.php(934): App\Controllers\Index_ci->signupAuth()
 2 SYSTEMPATH\CodeIgniter.php(499): CodeIgniter\CodeIgniter->runController(Object(App\Controllers\Index_ci))
 3 SYSTEMPATH\CodeIgniter.php(368): CodeIgniter\CodeIgniter->handleRequest(null, Object(Config\Cache), false)
 4 FCPATH\index.php(67): CodeIgniter\CodeIgniter->run()
CRITICAL - 2023-04-09 06:52:35 --> Call to undefined method CodeIgniter\Database\MySQLi\Result::countAllResults()
in APPPATH\Models\Settings.php on line 122.
 1 APPPATH\Controllers\Index_ci.php(71): App\Models\Settings->user_count('Tharindu2')
 2 SYSTEMPATH\CodeIgniter.php(934): App\Controllers\Index_ci->signupAuth()
 3 SYSTEMPATH\CodeIgniter.php(499): CodeIgniter\CodeIgniter->runController(Object(App\Controllers\Index_ci))
 4 SYSTEMPATH\CodeIgniter.php(368): CodeIgniter\CodeIgniter->handleRequest(null, Object(Config\Cache), false)
 5 FCPATH\index.php(67): CodeIgniter\CodeIgniter->run()
CRITICAL - 2023-04-09 06:53:14 --> Call to a member function table() on null
in APPPATH\Controllers\Index_ci.php on line 69.
 1 SYSTEMPATH\CodeIgniter.php(934): App\Controllers\Index_ci->signupAuth()
 2 SYSTEMPATH\CodeIgniter.php(499): CodeIgniter\CodeIgniter->runController(Object(App\Controllers\Index_ci))
 3 SYSTEMPATH\CodeIgniter.php(368): CodeIgniter\CodeIgniter->handleRequest(null, Object(Config\Cache), false)
 4 FCPATH\index.php(67): CodeIgniter\CodeIgniter->run()
ERROR - 2023-04-09 06:55:12 --> mysqli_sql_exception: Table 'fmpos_tritcal.product' doesn't exist in C:\xampp\htdocs\fm_pos\system\Database\MySQLi\Connection.php:295
Stack trace:
#0 C:\xampp\htdocs\fm_pos\system\Database\MySQLi\Connection.php(295): mysqli->query('SELECT COUNT(*)...', 0)
#1 C:\xampp\htdocs\fm_pos\system\Database\BaseConnection.php(691): CodeIgniter\Database\MySQLi\Connection->execute('SELECT COUNT(*)...')
#2 C:\xampp\htdocs\fm_pos\system\Database\BaseConnection.php(605): CodeIgniter\Database\BaseConnection->simpleQuery('SELECT COUNT(*)...')
#3 C:\xampp\htdocs\fm_pos\system\Database\BaseBuilder.php(1700): CodeIgniter\Database\BaseConnection->query('SELECT COUNT(*)...', Array, false)
#4 C:\xampp\htdocs\fm_pos\app\Controllers\Index_ci.php(71): CodeIgniter\Database\BaseBuilder->countAllResults()
#5 C:\xampp\htdocs\fm_pos\system\CodeIgniter.php(934): App\Controllers\Index_ci->signupAuth()
#6 C:\xampp\htdocs\fm_pos\system\CodeIgniter.php(499): CodeIgniter\CodeIgniter->runController(Object(App\Controllers\Index_ci))
#7 C:\xampp\htdocs\fm_pos\system\CodeIgniter.php(368): CodeIgniter\CodeIgniter->handleRequest(NULL, Object(Config\Cache), false)
#8 C:\xampp\htdocs\fm_pos\index.php(67): CodeIgniter\CodeIgniter->run()
#9 {main}
CRITICAL - 2023-04-09 06:55:12 --> Table 'fmpos_tritcal.product' doesn't exist
in SYSTEMPATH\Database\BaseConnection.php on line 645.
 1 SYSTEMPATH\Database\BaseBuilder.php(1700): CodeIgniter\Database\BaseConnection->query('SELECT COUNT(*) AS `numrows`
FROM `product`
WHERE `username` = :username:', [...], false)
 2 APPPATH\Controllers\Index_ci.php(71): CodeIgniter\Database\BaseBuilder->countAllResults()
 3 SYSTEMPATH\CodeIgniter.php(934): App\Controllers\Index_ci->signupAuth()
 4 SYSTEMPATH\CodeIgniter.php(499): CodeIgniter\CodeIgniter->runController(Object(App\Controllers\Index_ci))
 5 SYSTEMPATH\CodeIgniter.php(368): CodeIgniter\CodeIgniter->handleRequest(null, Object(Config\Cache), false)
 6 FCPATH\index.php(67): CodeIgniter\CodeIgniter->run()
CRITICAL - 2023-04-09 07:13:21 --> Call to a member function table() on null
in APPPATH\Controllers\Items_ci.php on line 79.
 1 SYSTEMPATH\CodeIgniter.php(934): App\Controllers\Items_ci->save_products()
 2 SYSTEMPATH\CodeIgniter.php(499): CodeIgniter\CodeIgniter->runController(Object(App\Controllers\Items_ci))
 3 SYSTEMPATH\CodeIgniter.php(368): CodeIgniter\CodeIgniter->handleRequest(null, Object(Config\Cache), false)
 4 FCPATH\index.php(67): CodeIgniter\CodeIgniter->run()
CRITICAL - 2023-04-09 08:28:21 --> Call to a member function getRandomName() on null
in APPPATH\Controllers\Items_ci.php on line 80.
 1 SYSTEMPATH\CodeIgniter.php(934): App\Controllers\Items_ci->save_products()
 2 SYSTEMPATH\CodeIgniter.php(499): CodeIgniter\CodeIgniter->runController(Object(App\Controllers\Items_ci))
 3 SYSTEMPATH\CodeIgniter.php(368): CodeIgniter\CodeIgniter->handleRequest(null, Object(Config\Cache), false)
 4 FCPATH\index.php(67): CodeIgniter\CodeIgniter->run()
CRITICAL - 2023-04-09 09:18:54 --> Use of undefined constant category_name - assumed 'category_name' (this will throw an Error in a future version of PHP)
in APPPATH\Views\items\product_list.php on line 102.
 1 APPPATH\Views\items\product_list.php(102): CodeIgniter\Debug\Exceptions->errorHandler(2, 'Use of undefined constant category_name - assumed \'category_name\' (this will throw an Error in a future version of PHP)', 'APPPATH\\Views\\items\\product_list.php', 102, [...])
 2 SYSTEMPATH\View\View.php(213): include('APPPATH\\Views\\items\\product_list.php')
 3 SYSTEMPATH\View\View.php(216): CodeIgniter\View\View->CodeIgniter\View\{closure}()
 4 SYSTEMPATH\Common.php(1184): CodeIgniter\View\View->render('items/product_list', [], true)
 5 APPPATH\Controllers\Items_ci.php(146): view('items/product_list', [...])
 6 SYSTEMPATH\CodeIgniter.php(934): App\Controllers\Items_ci->product_list()
 7 SYSTEMPATH\CodeIgniter.php(499): CodeIgniter\CodeIgniter->runController(Object(App\Controllers\Items_ci))
 8 SYSTEMPATH\CodeIgniter.php(368): CodeIgniter\CodeIgniter->handleRequest(null, Object(Config\Cache), false)
 9 FCPATH\index.php(67): CodeIgniter\CodeIgniter->run()
ERROR - 2023-04-09 09:26:45 --> mysqli_sql_exception: Unknown column 'fmpos_product.employee_id' in 'on clause' in C:\xampp\htdocs\fm_pos\system\Database\MySQLi\Connection.php:295
Stack trace:
#0 C:\xampp\htdocs\fm_pos\system\Database\MySQLi\Connection.php(295): mysqli->query('SELECT *\nFROM `...', 0)
#1 C:\xampp\htdocs\fm_pos\system\Database\BaseConnection.php(691): CodeIgniter\Database\MySQLi\Connection->execute('SELECT *\nFROM `...')
#2 C:\xampp\htdocs\fm_pos\system\Database\BaseConnection.php(605): CodeIgniter\Database\BaseConnection->simpleQuery('SELECT *\nFROM `...')
#3 C:\xampp\htdocs\fm_pos\system\Database\BaseBuilder.php(1616): CodeIgniter\Database\BaseConnection->query('SELECT *\nFROM `...', Array, false)
#4 C:\xampp\htdocs\fm_pos\app\Models\Management.php(26): CodeIgniter\Database\BaseBuilder->get()
#5 C:\xampp\htdocs\fm_pos\app\Controllers\Management_ci.php(20): App\Models\Management->target_list()
#6 C:\xampp\htdocs\fm_pos\system\CodeIgniter.php(934): App\Controllers\Management_ci->add_employee_target()
#7 C:\xampp\htdocs\fm_pos\system\CodeIgniter.php(499): CodeIgniter\CodeIgniter->runController(Object(App\Controllers\Management_ci))
#8 C:\xampp\htdocs\fm_pos\system\CodeIgniter.php(368): CodeIgniter\CodeIgniter->handleRequest(NULL, Object(Config\Cache), false)
#9 C:\xampp\htdocs\fm_pos\index.php(67): CodeIgniter\CodeIgniter->run()
#10 {main}
CRITICAL - 2023-04-09 09:26:45 --> Unknown column 'fmpos_product.employee_id' in 'on clause'
in SYSTEMPATH\Database\BaseConnection.php on line 645.
 1 SYSTEMPATH\Database\BaseBuilder.php(1616): CodeIgniter\Database\BaseConnection->query('SELECT *
FROM `fmpos_emp_target`
JOIN `fmpos_employee` ON `fmpos_employee`.`employee_id` = `fmpos_product`.`employee_id`', [], false)
 2 APPPATH\Models\Management.php(26): CodeIgniter\Database\BaseBuilder->get()
 3 APPPATH\Controllers\Management_ci.php(20): App\Models\Management->target_list()
 4 SYSTEMPATH\CodeIgniter.php(934): App\Controllers\Management_ci->add_employee_target()
 5 SYSTEMPATH\CodeIgniter.php(499): CodeIgniter\CodeIgniter->runController(Object(App\Controllers\Management_ci))
 6 SYSTEMPATH\CodeIgniter.php(368): CodeIgniter\CodeIgniter->handleRequest(null, Object(Config\Cache), false)
 7 FCPATH\index.php(67): CodeIgniter\CodeIgniter->run()
ERROR - 2023-04-09 12:31:20 --> mysqli_sql_exception: Column 'pro_id' in where clause is ambiguous in C:\xampp\htdocs\fm_pos\system\Database\MySQLi\Connection.php:295
Stack trace:
#0 C:\xampp\htdocs\fm_pos\system\Database\MySQLi\Connection.php(295): mysqli->query('SELECT *\nFROM `...', 0)
#1 C:\xampp\htdocs\fm_pos\system\Database\BaseConnection.php(691): CodeIgniter\Database\MySQLi\Connection->execute('SELECT *\nFROM `...')
#2 C:\xampp\htdocs\fm_pos\system\Database\BaseConnection.php(605): CodeIgniter\Database\BaseConnection->simpleQuery('SELECT *\nFROM `...')
#3 C:\xampp\htdocs\fm_pos\system\Database\BaseBuilder.php(1616): CodeIgniter\Database\BaseConnection->query('SELECT *\nFROM `...', Array, false)
#4 C:\xampp\htdocs\fm_pos\app\Models\Items.php(57): CodeIgniter\Database\BaseBuilder->get()
#5 C:\xampp\htdocs\fm_pos\app\Controllers\Items_ci.php(150): App\Models\Items->get_products('11')
#6 C:\xampp\htdocs\fm_pos\system\CodeIgniter.php(934): App\Controllers\Items_ci->edit_products('11')
#7 C:\xampp\htdocs\fm_pos\system\CodeIgniter.php(499): CodeIgniter\CodeIgniter->runController(Object(App\Controllers\Items_ci))
#8 C:\xampp\htdocs\fm_pos\system\CodeIgniter.php(368): CodeIgniter\CodeIgniter->handleRequest(NULL, Object(Config\Cache), false)
#9 C:\xampp\htdocs\fm_pos\index.php(67): CodeIgniter\CodeIgniter->run()
#10 {main}
CRITICAL - 2023-04-09 12:31:20 --> Column 'pro_id' in where clause is ambiguous
in SYSTEMPATH\Database\BaseConnection.php on line 645.
 1 SYSTEMPATH\Database\BaseBuilder.php(1616): CodeIgniter\Database\BaseConnection->query('SELECT *
FROM `fmpos_product`
JOIN `fmpos_product_price` ON `fmpos_product_price`.`pro_id` = `fmpos_product`.`pro_id`
WHERE `pro_id` = :pro_id:', [...], false)
 2 APPPATH\Models\Items.php(57): CodeIgniter\Database\BaseBuilder->get()
 3 APPPATH\Controllers\Items_ci.php(150): App\Models\Items->get_products('11')
 4 SYSTEMPATH\CodeIgniter.php(934): App\Controllers\Items_ci->edit_products('11')
 5 SYSTEMPATH\CodeIgniter.php(499): CodeIgniter\CodeIgniter->runController(Object(App\Controllers\Items_ci))
 6 SYSTEMPATH\CodeIgniter.php(368): CodeIgniter\CodeIgniter->handleRequest(null, Object(Config\Cache), false)
 7 FCPATH\index.php(67): CodeIgniter\CodeIgniter->run()
CRITICAL - 2023-04-09 12:32:00 --> Invalid argument supplied for foreach()
in APPPATH\Views\items\edit_products.php on line 67.
 1 APPPATH\Views\items\edit_products.php(67): CodeIgniter\Debug\Exceptions->errorHandler(2, 'Invalid argument supplied for foreach()', 'APPPATH\\Views\\items\\edit_products.php', 67, [...])
 2 SYSTEMPATH\View\View.php(213): include('APPPATH\\Views\\items\\edit_products.php')
 3 SYSTEMPATH\View\View.php(216): CodeIgniter\View\View->CodeIgniter\View\{closure}()
 4 SYSTEMPATH\Common.php(1184): CodeIgniter\View\View->render('items/edit_products', [], true)
 5 APPPATH\Controllers\Items_ci.php(151): view('items/edit_products', [...])
 6 SYSTEMPATH\CodeIgniter.php(934): App\Controllers\Items_ci->edit_products('11')
 7 SYSTEMPATH\CodeIgniter.php(499): CodeIgniter\CodeIgniter->runController(Object(App\Controllers\Items_ci))
 8 SYSTEMPATH\CodeIgniter.php(368): CodeIgniter\CodeIgniter->handleRequest(null, Object(Config\Cache), false)
 9 FCPATH\index.php(67): CodeIgniter\CodeIgniter->run()
CRITICAL - 2023-04-09 12:32:14 --> Invalid argument supplied for foreach()
in APPPATH\Views\items\edit_products.php on line 67.
 1 APPPATH\Views\items\edit_products.php(67): CodeIgniter\Debug\Exceptions->errorHandler(2, 'Invalid argument supplied for foreach()', 'APPPATH\\Views\\items\\edit_products.php', 67, [...])
 2 SYSTEMPATH\View\View.php(213): include('APPPATH\\Views\\items\\edit_products.php')
 3 SYSTEMPATH\View\View.php(216): CodeIgniter\View\View->CodeIgniter\View\{closure}()
 4 SYSTEMPATH\Common.php(1184): CodeIgniter\View\View->render('items/edit_products', [], true)
 5 APPPATH\Controllers\Items_ci.php(151): view('items/edit_products', [...])
 6 SYSTEMPATH\CodeIgniter.php(934): App\Controllers\Items_ci->edit_products('11')
 7 SYSTEMPATH\CodeIgniter.php(499): CodeIgniter\CodeIgniter->runController(Object(App\Controllers\Items_ci))
 8 SYSTEMPATH\CodeIgniter.php(368): CodeIgniter\CodeIgniter->handleRequest(null, Object(Config\Cache), false)
 9 FCPATH\index.php(67): CodeIgniter\CodeIgniter->run()
ERROR - 2023-04-09 12:33:29 --> mysqli_sql_exception: Column 'pro_id' in where clause is ambiguous in C:\xampp\htdocs\fm_pos\system\Database\MySQLi\Connection.php:295
Stack trace:
#0 C:\xampp\htdocs\fm_pos\system\Database\MySQLi\Connection.php(295): mysqli->query('SELECT *\nFROM `...', 0)
#1 C:\xampp\htdocs\fm_pos\system\Database\BaseConnection.php(691): CodeIgniter\Database\MySQLi\Connection->execute('SELECT *\nFROM `...')
#2 C:\xampp\htdocs\fm_pos\system\Database\BaseConnection.php(605): CodeIgniter\Database\BaseConnection->simpleQuery('SELECT *\nFROM `...')
#3 C:\xampp\htdocs\fm_pos\system\Database\BaseBuilder.php(1616): CodeIgniter\Database\BaseConnection->query('SELECT *\nFROM `...', Array, false)
#4 C:\xampp\htdocs\fm_pos\app\Models\Items.php(57): CodeIgniter\Database\BaseBuilder->get()
#5 C:\xampp\htdocs\fm_pos\app\Controllers\Items_ci.php(156): App\Models\Items->get_products('11')
#6 C:\xampp\htdocs\fm_pos\system\CodeIgniter.php(934): App\Controllers\Items_ci->edit_products('11')
#7 C:\xampp\htdocs\fm_pos\system\CodeIgniter.php(499): CodeIgniter\CodeIgniter->runController(Object(App\Controllers\Items_ci))
#8 C:\xampp\htdocs\fm_pos\system\CodeIgniter.php(368): CodeIgniter\CodeIgniter->handleRequest(NULL, Object(Config\Cache), false)
#9 C:\xampp\htdocs\fm_pos\index.php(67): CodeIgniter\CodeIgniter->run()
#10 {main}
CRITICAL - 2023-04-09 12:33:29 --> Column 'pro_id' in where clause is ambiguous
in SYSTEMPATH\Database\BaseConnection.php on line 645.
 1 SYSTEMPATH\Database\BaseBuilder.php(1616): CodeIgniter\Database\BaseConnection->query('SELECT *
FROM `fmpos_product`
JOIN `fmpos_product_price` ON `fmpos_product_price`.`pro_id` = `fmpos_product`.`pro_id`
WHERE `pro_id` = :pro_id:', [...], false)
 2 APPPATH\Models\Items.php(57): CodeIgniter\Database\BaseBuilder->get()
 3 APPPATH\Controllers\Items_ci.php(156): App\Models\Items->get_products('11')
 4 SYSTEMPATH\CodeIgniter.php(934): App\Controllers\Items_ci->edit_products('11')
 5 SYSTEMPATH\CodeIgniter.php(499): CodeIgniter\CodeIgniter->runController(Object(App\Controllers\Items_ci))
 6 SYSTEMPATH\CodeIgniter.php(368): CodeIgniter\CodeIgniter->handleRequest(null, Object(Config\Cache), false)
 7 FCPATH\index.php(67): CodeIgniter\CodeIgniter->run()
CRITICAL - 2023-04-09 12:36:10 --> Too few arguments to function CodeIgniter\Database\BaseBuilder::join(), 1 passed in C:\xampp\htdocs\fm_pos\app\Models\Items.php on line 55 and at least 2 expected
in SYSTEMPATH\Database\BaseBuilder.php on line 617.
 1 APPPATH\Models\Items.php(55): CodeIgniter\Database\BaseBuilder->join('fmpos_product_price')
 2 APPPATH\Controllers\Items_ci.php(156): App\Models\Items->get_products('11')
 3 SYSTEMPATH\CodeIgniter.php(934): App\Controllers\Items_ci->edit_products('11')
 4 SYSTEMPATH\CodeIgniter.php(499): CodeIgniter\CodeIgniter->runController(Object(App\Controllers\Items_ci))
 5 SYSTEMPATH\CodeIgniter.php(368): CodeIgniter\CodeIgniter->handleRequest(null, Object(Config\Cache), false)
 6 FCPATH\index.php(67): CodeIgniter\CodeIgniter->run()
ERROR - 2023-04-09 14:51:22 --> mysqli_sql_exception: Unknown column '$promo_type' in 'field list' in C:\xampp\htdocs\fm_pos\system\Database\MySQLi\Connection.php:295
Stack trace:
#0 C:\xampp\htdocs\fm_pos\system\Database\MySQLi\Connection.php(295): mysqli->query('INSERT INTO `fm...', 0)
#1 C:\xampp\htdocs\fm_pos\system\Database\BaseConnection.php(691): CodeIgniter\Database\MySQLi\Connection->execute('INSERT INTO `fm...')
#2 C:\xampp\htdocs\fm_pos\system\Database\BaseConnection.php(605): CodeIgniter\Database\BaseConnection->simpleQuery('INSERT INTO `fm...')
#3 C:\xampp\htdocs\fm_pos\system\Database\BaseBuilder.php(2309): CodeIgniter\Database\BaseConnection->query('INSERT INTO `fm...', Array, false)
#4 C:\xampp\htdocs\fm_pos\app\Models\Promotion.php(19): CodeIgniter\Database\BaseBuilder->insert(Array)
#5 C:\xampp\htdocs\fm_pos\app\Controllers\Promotion_ci.php(76): App\Models\Promotion->add(Array)
#6 C:\xampp\htdocs\fm_pos\system\CodeIgniter.php(934): App\Controllers\Promotion_ci->save_promotion()
#7 C:\xampp\htdocs\fm_pos\system\CodeIgniter.php(499): CodeIgniter\CodeIgniter->runController(Object(App\Controllers\Promotion_ci))
#8 C:\xampp\htdocs\fm_pos\system\CodeIgniter.php(368): CodeIgniter\CodeIgniter->handleRequest(NULL, Object(Config\Cache), false)
#9 C:\xampp\htdocs\fm_pos\index.php(67): CodeIgniter\CodeIgniter->run()
#10 {main}
CRITICAL - 2023-04-09 14:51:22 --> Unknown column '$promo_type' in 'field list'
in SYSTEMPATH\Database\BaseConnection.php on line 645.
 1 SYSTEMPATH\Database\BaseBuilder.php(2309): CodeIgniter\Database\BaseConnection->query('INSERT INTO `fmpos_promotion` (`$promo_type`, `$start_date_time`, `$end_date_time`, `$dis_type`, `$discount_pre`, `$discount_rupee`, `$supplier_id_1`, `$weight_up_1`, `$pro_id_2`, `$start_time_2`, `$end_time_2`, `$up_value_3`, `$category_c_id_4`, `$up_value_4`, `$pro_id_5`, `$depends_qty_5`, `$max_qty_5`, `$free_qty_5`, `$pro_id_6`, `$quantity_6`, `$pro_id_61`, `$free_qty_6`) VALUES (:$promo_type:, :$start_date_time:, :$end_date_time:, :$dis_type:, :$discount_pre:, :$discount_rupee:, :$supplier_id_1:, :$weight_up_1:, :$pro_id_2:, :$start_time_2:, :$end_time_2:, :$up_value_3:, :$category_c_id_4:, :$up_value_4:, :$pro_id_5:, :$depends_qty_5:, :$max_qty_5:, :$free_qty_5:, :$pro_id_6:, :$quantity_6:, :$pro_id_61:, :$free_qty_6:)', [...], false)
 2 APPPATH\Models\Promotion.php(19): CodeIgniter\Database\BaseBuilder->insert([...])
 3 APPPATH\Controllers\Promotion_ci.php(76): App\Models\Promotion->add([...])
 4 SYSTEMPATH\CodeIgniter.php(934): App\Controllers\Promotion_ci->save_promotion()
 5 SYSTEMPATH\CodeIgniter.php(499): CodeIgniter\CodeIgniter->runController(Object(App\Controllers\Promotion_ci))
 6 SYSTEMPATH\CodeIgniter.php(368): CodeIgniter\CodeIgniter->handleRequest(null, Object(Config\Cache), false)
 7 FCPATH\index.php(67): CodeIgniter\CodeIgniter->run()
CRITICAL - 2023-04-09 17:06:12 --> Call to a member function promotion_list() on null
in APPPATH\Controllers\Promotion_ci.php on line 87.
 1 SYSTEMPATH\CodeIgniter.php(934): App\Controllers\Promotion_ci->view_promotion()
 2 SYSTEMPATH\CodeIgniter.php(499): CodeIgniter\CodeIgniter->runController(Object(App\Controllers\Promotion_ci))
 3 SYSTEMPATH\CodeIgniter.php(368): CodeIgniter\CodeIgniter->handleRequest(null, Object(Config\Cache), false)
 4 FCPATH\index.php(67): CodeIgniter\CodeIgniter->run()
