CRITICAL - 2024-05-02 10:42:53 --> Invalid file: "inc/header_url.php"
in SYSTEMPATH\Exceptions\FrameworkException.php on line 33.
 1 SYSTEMPATH\View\View.php(201): CodeIgniter\Exceptions\FrameworkException::forInvalidFile('inc/header_url.php')
 2 SYSTEMPATH\Common.php(1184): CodeIgniter\View\View->render('inc/header_url.php', [], true)
 3 APPPATH\Views\donor\main_app.php(13): view('inc/header_url.php')
 4 SYSTEMPATH\View\View.php(213): include('APPPATH\\Views\\donor\\main_app.php')
 5 SYSTEMPATH\View\View.php(216): CodeIgniter\View\View->CodeIgniter\View\{closure}()
 6 SYSTEMPATH\Common.php(1184): CodeIgniter\View\View->render('donor/main_app', [], true)
 7 APPPATH\Controllers\DonHome.php(8): view('donor/main_app')
 8 SYSTEMPATH\CodeIgniter.php(934): App\Controllers\DonHome->index()
 9 SYSTEMPATH\CodeIgniter.php(499): CodeIgniter\CodeIgniter->runController(Object(App\Controllers\DonHome))
10 SYSTEMPATH\CodeIgniter.php(368): CodeIgniter\CodeIgniter->handleRequest(null, Object(Config\Cache), false)
11 FCPATH\index.php(67): CodeIgniter\CodeIgniter->run()
CRITICAL - 2024-05-02 10:42:54 --> Invalid file: "inc/header_url.php"
in SYSTEMPATH\Exceptions\FrameworkException.php on line 33.
 1 SYSTEMPATH\View\View.php(201): CodeIgniter\Exceptions\FrameworkException::forInvalidFile('inc/header_url.php')
 2 SYSTEMPATH\Common.php(1184): CodeIgniter\View\View->render('inc/header_url.php', [], true)
 3 APPPATH\Views\donor\main_app.php(13): view('inc/header_url.php')
 4 SYSTEMPATH\View\View.php(213): include('APPPATH\\Views\\donor\\main_app.php')
 5 SYSTEMPATH\View\View.php(216): CodeIgniter\View\View->CodeIgniter\View\{closure}()
 6 SYSTEMPATH\Common.php(1184): CodeIgniter\View\View->render('donor/main_app', [], true)
 7 APPPATH\Controllers\DonHome.php(8): view('donor/main_app')
 8 SYSTEMPATH\CodeIgniter.php(934): App\Controllers\DonHome->index()
 9 SYSTEMPATH\CodeIgniter.php(499): CodeIgniter\CodeIgniter->runController(Object(App\Controllers\DonHome))
10 SYSTEMPATH\CodeIgniter.php(368): CodeIgniter\CodeIgniter->handleRequest(null, Object(Config\Cache), false)
11 FCPATH\index.php(67): CodeIgniter\CodeIgniter->run()
CRITICAL - 2024-05-02 10:44:28 --> Invalid file: "inc/top_navi.php"
in SYSTEMPATH\Exceptions\FrameworkException.php on line 33.
 1 SYSTEMPATH\View\View.php(201): CodeIgniter\Exceptions\FrameworkException::forInvalidFile('inc/top_navi.php')
 2 SYSTEMPATH\Common.php(1184): CodeIgniter\View\View->render('inc/top_navi.php', [], true)
 3 APPPATH\Views\donor\main_app.php(16): view('inc/top_navi.php')
 4 SYSTEMPATH\View\View.php(213): include('APPPATH\\Views\\donor\\main_app.php')
 5 SYSTEMPATH\View\View.php(216): CodeIgniter\View\View->CodeIgniter\View\{closure}()
 6 SYSTEMPATH\Common.php(1184): CodeIgniter\View\View->render('donor/main_app', [], true)
 7 APPPATH\Controllers\DonHome.php(8): view('donor/main_app')
 8 SYSTEMPATH\CodeIgniter.php(934): App\Controllers\DonHome->index()
 9 SYSTEMPATH\CodeIgniter.php(499): CodeIgniter\CodeIgniter->runController(Object(App\Controllers\DonHome))
10 SYSTEMPATH\CodeIgniter.php(368): CodeIgniter\CodeIgniter->handleRequest(null, Object(Config\Cache), false)
11 FCPATH\index.php(67): CodeIgniter\CodeIgniter->run()
CRITICAL - 2024-05-02 11:26:12 --> Invalid file: "inc/header_url.php"
in SYSTEMPATH\Exceptions\FrameworkException.php on line 33.
 1 SYSTEMPATH\View\View.php(201): CodeIgniter\Exceptions\FrameworkException::forInvalidFile('inc/header_url.php')
 2 SYSTEMPATH\Common.php(1184): CodeIgniter\View\View->render('inc/header_url.php', [], true)
 3 APPPATH\Views\donor\login.php(14): view('inc/header_url.php')
 4 SYSTEMPATH\View\View.php(213): include('APPPATH\\Views\\donor\\login.php')
 5 SYSTEMPATH\View\View.php(216): CodeIgniter\View\View->CodeIgniter\View\{closure}()
 6 SYSTEMPATH\Common.php(1184): CodeIgniter\View\View->render('donor/login', [], true)
 7 APPPATH\Controllers\AuthCon.php(21): view('donor/login')
 8 SYSTEMPATH\CodeIgniter.php(934): App\Controllers\AuthCon->index()
 9 SYSTEMPATH\CodeIgniter.php(499): CodeIgniter\CodeIgniter->runController(Object(App\Controllers\AuthCon))
10 SYSTEMPATH\CodeIgniter.php(368): CodeIgniter\CodeIgniter->handleRequest(null, Object(Config\Cache), false)
11 FCPATH\index.php(67): CodeIgniter\CodeIgniter->run()
