CRITICAL - 2023-03-11 04:39:34 --> Declaration of App\Models\Customer::delete($id) should be compatible with CodeIgniter\BaseModel::delete($id = NULL, bool $purge = false)
in APPPATH\Models\Customer.php on line 29.
 1 APPPATH\Models\Customer.php(8): CodeIgniter\Debug\Exceptions->errorHandler(2, 'Declaration of App\\Models\\Customer::delete($id) should be compatible with CodeIgniter\\BaseModel::delete($id = NULL, bool $purge = false)', 'APPPATH\\Models\\Customer.php', 29, [...])
 2 SYSTEMPATH\Autoloader\Autoloader.php(312): include_once('APPPATH\\Models\\Customer.php')
 3 SYSTEMPATH\Autoloader\Autoloader.php(289): CodeIgniter\Autoloader\Autoloader->includeFile('APPPATH\\Models\\Customer.php')
 4 SYSTEMPATH\Autoloader\Autoloader.php(267): CodeIgniter\Autoloader\Autoloader->loadInNamespace('App\\Models\\Customer')
 5 [internal function]: CodeIgniter\Autoloader\Autoloader->loadClass('App\\Models\\Customer')
 6 APPPATH\Controllers\Customer_ci.php(12): spl_autoload_call('App\\Models\\Customer')
 7 SYSTEMPATH\CodeIgniter.php(906): App\Controllers\Customer_ci->__construct()
 8 SYSTEMPATH\CodeIgniter.php(490): CodeIgniter\CodeIgniter->createController()
 9 SYSTEMPATH\CodeIgniter.php(368): CodeIgniter\CodeIgniter->handleRequest(null, Object(Config\Cache), false)
10 FCPATH\index.php(67): CodeIgniter\CodeIgniter->run()
CRITICAL - 2023-03-11 04:47:31 --> Declaration of App\Models\Customer::delete($id) should be compatible with CodeIgniter\BaseModel::delete($id = NULL, bool $purge = false)
in APPPATH\Models\Customer.php on line 29.
 1 APPPATH\Models\Customer.php(8): CodeIgniter\Debug\Exceptions->errorHandler(2, 'Declaration of App\\Models\\Customer::delete($id) should be compatible with CodeIgniter\\BaseModel::delete($id = NULL, bool $purge = false)', 'APPPATH\\Models\\Customer.php', 29, [...])
 2 SYSTEMPATH\Autoloader\Autoloader.php(312): include_once('APPPATH\\Models\\Customer.php')
 3 SYSTEMPATH\Autoloader\Autoloader.php(289): CodeIgniter\Autoloader\Autoloader->includeFile('APPPATH\\Models\\Customer.php')
 4 SYSTEMPATH\Autoloader\Autoloader.php(267): CodeIgniter\Autoloader\Autoloader->loadInNamespace('App\\Models\\Customer')
 5 [internal function]: CodeIgniter\Autoloader\Autoloader->loadClass('App\\Models\\Customer')
 6 APPPATH\Controllers\Customer_ci.php(12): spl_autoload_call('App\\Models\\Customer')
 7 SYSTEMPATH\CodeIgniter.php(906): App\Controllers\Customer_ci->__construct()
 8 SYSTEMPATH\CodeIgniter.php(490): CodeIgniter\CodeIgniter->createController()
 9 SYSTEMPATH\CodeIgniter.php(368): CodeIgniter\CodeIgniter->handleRequest(null, Object(Config\Cache), false)
10 FCPATH\index.php(67): CodeIgniter\CodeIgniter->run()
CRITICAL - 2023-03-11 04:48:26 --> Declaration of App\Models\Customer::delete($id) should be compatible with CodeIgniter\BaseModel::delete($id = NULL, bool $purge = false)
in APPPATH\Models\Customer.php on line 29.
 1 APPPATH\Models\Customer.php(8): CodeIgniter\Debug\Exceptions->errorHandler(2, 'Declaration of App\\Models\\Customer::delete($id) should be compatible with CodeIgniter\\BaseModel::delete($id = NULL, bool $purge = false)', 'APPPATH\\Models\\Customer.php', 29, [...])
 2 SYSTEMPATH\Autoloader\Autoloader.php(312): include_once('APPPATH\\Models\\Customer.php')
 3 SYSTEMPATH\Autoloader\Autoloader.php(289): CodeIgniter\Autoloader\Autoloader->includeFile('APPPATH\\Models\\Customer.php')
 4 SYSTEMPATH\Autoloader\Autoloader.php(267): CodeIgniter\Autoloader\Autoloader->loadInNamespace('App\\Models\\Customer')
 5 [internal function]: CodeIgniter\Autoloader\Autoloader->loadClass('App\\Models\\Customer')
 6 APPPATH\Controllers\Customer_ci.php(12): spl_autoload_call('App\\Models\\Customer')
 7 SYSTEMPATH\CodeIgniter.php(906): App\Controllers\Customer_ci->__construct()
 8 SYSTEMPATH\CodeIgniter.php(490): CodeIgniter\CodeIgniter->createController()
 9 SYSTEMPATH\CodeIgniter.php(368): CodeIgniter\CodeIgniter->handleRequest(null, Object(Config\Cache), false)
10 FCPATH\index.php(67): CodeIgniter\CodeIgniter->run()
CRITICAL - 2023-03-11 04:48:34 --> Declaration of App\Models\Customer::delete($id) should be compatible with CodeIgniter\BaseModel::delete($id = NULL, bool $purge = false)
in APPPATH\Models\Customer.php on line 29.
 1 APPPATH\Models\Customer.php(8): CodeIgniter\Debug\Exceptions->errorHandler(2, 'Declaration of App\\Models\\Customer::delete($id) should be compatible with CodeIgniter\\BaseModel::delete($id = NULL, bool $purge = false)', 'APPPATH\\Models\\Customer.php', 29, [...])
 2 SYSTEMPATH\Autoloader\Autoloader.php(312): include_once('APPPATH\\Models\\Customer.php')
 3 SYSTEMPATH\Autoloader\Autoloader.php(289): CodeIgniter\Autoloader\Autoloader->includeFile('APPPATH\\Models\\Customer.php')
 4 SYSTEMPATH\Autoloader\Autoloader.php(267): CodeIgniter\Autoloader\Autoloader->loadInNamespace('App\\Models\\Customer')
 5 [internal function]: CodeIgniter\Autoloader\Autoloader->loadClass('App\\Models\\Customer')
 6 APPPATH\Controllers\Customer_ci.php(12): spl_autoload_call('App\\Models\\Customer')
 7 SYSTEMPATH\CodeIgniter.php(906): App\Controllers\Customer_ci->__construct()
 8 SYSTEMPATH\CodeIgniter.php(490): CodeIgniter\CodeIgniter->createController()
 9 SYSTEMPATH\CodeIgniter.php(368): CodeIgniter\CodeIgniter->handleRequest(null, Object(Config\Cache), false)
10 FCPATH\index.php(67): CodeIgniter\CodeIgniter->run()
CRITICAL - 2023-03-11 04:49:06 --> Declaration of App\Models\Customer::delete($id) should be compatible with CodeIgniter\BaseModel::delete($id = NULL, bool $purge = false)
in APPPATH\Models\Customer.php on line 29.
 1 APPPATH\Models\Customer.php(8): CodeIgniter\Debug\Exceptions->errorHandler(2, 'Declaration of App\\Models\\Customer::delete($id) should be compatible with CodeIgniter\\BaseModel::delete($id = NULL, bool $purge = false)', 'APPPATH\\Models\\Customer.php', 29, [...])
 2 SYSTEMPATH\Autoloader\Autoloader.php(312): include_once('APPPATH\\Models\\Customer.php')
 3 SYSTEMPATH\Autoloader\Autoloader.php(289): CodeIgniter\Autoloader\Autoloader->includeFile('APPPATH\\Models\\Customer.php')
 4 SYSTEMPATH\Autoloader\Autoloader.php(267): CodeIgniter\Autoloader\Autoloader->loadInNamespace('App\\Models\\Customer')
 5 [internal function]: CodeIgniter\Autoloader\Autoloader->loadClass('App\\Models\\Customer')
 6 APPPATH\Controllers\Customer_ci.php(12): spl_autoload_call('App\\Models\\Customer')
 7 SYSTEMPATH\CodeIgniter.php(906): App\Controllers\Customer_ci->__construct()
 8 SYSTEMPATH\CodeIgniter.php(490): CodeIgniter\CodeIgniter->createController()
 9 SYSTEMPATH\CodeIgniter.php(368): CodeIgniter\CodeIgniter->handleRequest(null, Object(Config\Cache), false)
10 FCPATH\index.php(67): CodeIgniter\CodeIgniter->run()
CRITICAL - 2023-03-11 04:49:07 --> Declaration of App\Models\Customer::delete($id) should be compatible with CodeIgniter\BaseModel::delete($id = NULL, bool $purge = false)
in APPPATH\Models\Customer.php on line 29.
 1 APPPATH\Models\Customer.php(8): CodeIgniter\Debug\Exceptions->errorHandler(2, 'Declaration of App\\Models\\Customer::delete($id) should be compatible with CodeIgniter\\BaseModel::delete($id = NULL, bool $purge = false)', 'APPPATH\\Models\\Customer.php', 29, [...])
 2 SYSTEMPATH\Autoloader\Autoloader.php(312): include_once('APPPATH\\Models\\Customer.php')
 3 SYSTEMPATH\Autoloader\Autoloader.php(289): CodeIgniter\Autoloader\Autoloader->includeFile('APPPATH\\Models\\Customer.php')
 4 SYSTEMPATH\Autoloader\Autoloader.php(267): CodeIgniter\Autoloader\Autoloader->loadInNamespace('App\\Models\\Customer')
 5 [internal function]: CodeIgniter\Autoloader\Autoloader->loadClass('App\\Models\\Customer')
 6 APPPATH\Controllers\Customer_ci.php(12): spl_autoload_call('App\\Models\\Customer')
 7 SYSTEMPATH\CodeIgniter.php(906): App\Controllers\Customer_ci->__construct()
 8 SYSTEMPATH\CodeIgniter.php(490): CodeIgniter\CodeIgniter->createController()
 9 SYSTEMPATH\CodeIgniter.php(368): CodeIgniter\CodeIgniter->handleRequest(null, Object(Config\Cache), false)
10 FCPATH\index.php(67): CodeIgniter\CodeIgniter->run()
CRITICAL - 2023-03-11 04:49:07 --> Declaration of App\Models\Customer::delete($id) should be compatible with CodeIgniter\BaseModel::delete($id = NULL, bool $purge = false)
in APPPATH\Models\Customer.php on line 29.
 1 APPPATH\Models\Customer.php(8): CodeIgniter\Debug\Exceptions->errorHandler(2, 'Declaration of App\\Models\\Customer::delete($id) should be compatible with CodeIgniter\\BaseModel::delete($id = NULL, bool $purge = false)', 'APPPATH\\Models\\Customer.php', 29, [...])
 2 SYSTEMPATH\Autoloader\Autoloader.php(312): include_once('APPPATH\\Models\\Customer.php')
 3 SYSTEMPATH\Autoloader\Autoloader.php(289): CodeIgniter\Autoloader\Autoloader->includeFile('APPPATH\\Models\\Customer.php')
 4 SYSTEMPATH\Autoloader\Autoloader.php(267): CodeIgniter\Autoloader\Autoloader->loadInNamespace('App\\Models\\Customer')
 5 [internal function]: CodeIgniter\Autoloader\Autoloader->loadClass('App\\Models\\Customer')
 6 APPPATH\Controllers\Customer_ci.php(12): spl_autoload_call('App\\Models\\Customer')
 7 SYSTEMPATH\CodeIgniter.php(906): App\Controllers\Customer_ci->__construct()
 8 SYSTEMPATH\CodeIgniter.php(490): CodeIgniter\CodeIgniter->createController()
 9 SYSTEMPATH\CodeIgniter.php(368): CodeIgniter\CodeIgniter->handleRequest(null, Object(Config\Cache), false)
10 FCPATH\index.php(67): CodeIgniter\CodeIgniter->run()
CRITICAL - 2023-03-11 04:50:44 --> Declaration of App\Models\Customer::delete($id) should be compatible with CodeIgniter\BaseModel::delete($id = NULL, bool $purge = false)
in APPPATH\Models\Customer.php on line 29.
 1 APPPATH\Models\Customer.php(8): CodeIgniter\Debug\Exceptions->errorHandler(2, 'Declaration of App\\Models\\Customer::delete($id) should be compatible with CodeIgniter\\BaseModel::delete($id = NULL, bool $purge = false)', 'APPPATH\\Models\\Customer.php', 29, [...])
 2 SYSTEMPATH\Autoloader\Autoloader.php(312): include_once('APPPATH\\Models\\Customer.php')
 3 SYSTEMPATH\Autoloader\Autoloader.php(289): CodeIgniter\Autoloader\Autoloader->includeFile('APPPATH\\Models\\Customer.php')
 4 SYSTEMPATH\Autoloader\Autoloader.php(267): CodeIgniter\Autoloader\Autoloader->loadInNamespace('App\\Models\\Customer')
 5 [internal function]: CodeIgniter\Autoloader\Autoloader->loadClass('App\\Models\\Customer')
 6 APPPATH\Controllers\Customer_ci.php(12): spl_autoload_call('App\\Models\\Customer')
 7 SYSTEMPATH\CodeIgniter.php(906): App\Controllers\Customer_ci->__construct()
 8 SYSTEMPATH\CodeIgniter.php(490): CodeIgniter\CodeIgniter->createController()
 9 SYSTEMPATH\CodeIgniter.php(368): CodeIgniter\CodeIgniter->handleRequest(null, Object(Config\Cache), false)
10 FCPATH\index.php(67): CodeIgniter\CodeIgniter->run()
CRITICAL - 2023-03-11 04:51:29 --> Declaration of App\Models\Customer::delete($id) should be compatible with CodeIgniter\BaseModel::delete($id = NULL, bool $purge = false)
in APPPATH\Models\Customer.php on line 29.
 1 APPPATH\Models\Customer.php(8): CodeIgniter\Debug\Exceptions->errorHandler(2, 'Declaration of App\\Models\\Customer::delete($id) should be compatible with CodeIgniter\\BaseModel::delete($id = NULL, bool $purge = false)', 'APPPATH\\Models\\Customer.php', 29, [...])
 2 SYSTEMPATH\Autoloader\Autoloader.php(312): include_once('APPPATH\\Models\\Customer.php')
 3 SYSTEMPATH\Autoloader\Autoloader.php(289): CodeIgniter\Autoloader\Autoloader->includeFile('APPPATH\\Models\\Customer.php')
 4 SYSTEMPATH\Autoloader\Autoloader.php(267): CodeIgniter\Autoloader\Autoloader->loadInNamespace('App\\Models\\Customer')
 5 [internal function]: CodeIgniter\Autoloader\Autoloader->loadClass('App\\Models\\Customer')
 6 APPPATH\Controllers\Customer_ci.php(12): spl_autoload_call('App\\Models\\Customer')
 7 SYSTEMPATH\CodeIgniter.php(906): App\Controllers\Customer_ci->__construct()
 8 SYSTEMPATH\CodeIgniter.php(490): CodeIgniter\CodeIgniter->createController()
 9 SYSTEMPATH\CodeIgniter.php(368): CodeIgniter\CodeIgniter->handleRequest(null, Object(Config\Cache), false)
10 FCPATH\index.php(67): CodeIgniter\CodeIgniter->run()
CRITICAL - 2023-03-11 04:51:42 --> Declaration of App\Models\Customer::delete() should be compatible with CodeIgniter\BaseModel::delete($id = NULL, bool $purge = false)
in APPPATH\Models\Customer.php on line 29.
 1 APPPATH\Models\Customer.php(8): CodeIgniter\Debug\Exceptions->errorHandler(2, 'Declaration of App\\Models\\Customer::delete() should be compatible with CodeIgniter\\BaseModel::delete($id = NULL, bool $purge = false)', 'APPPATH\\Models\\Customer.php', 29, [...])
 2 SYSTEMPATH\Autoloader\Autoloader.php(312): include_once('APPPATH\\Models\\Customer.php')
 3 SYSTEMPATH\Autoloader\Autoloader.php(289): CodeIgniter\Autoloader\Autoloader->includeFile('APPPATH\\Models\\Customer.php')
 4 SYSTEMPATH\Autoloader\Autoloader.php(267): CodeIgniter\Autoloader\Autoloader->loadInNamespace('App\\Models\\Customer')
 5 [internal function]: CodeIgniter\Autoloader\Autoloader->loadClass('App\\Models\\Customer')
 6 APPPATH\Controllers\Customer_ci.php(12): spl_autoload_call('App\\Models\\Customer')
 7 SYSTEMPATH\CodeIgniter.php(906): App\Controllers\Customer_ci->__construct()
 8 SYSTEMPATH\CodeIgniter.php(490): CodeIgniter\CodeIgniter->createController()
 9 SYSTEMPATH\CodeIgniter.php(368): CodeIgniter\CodeIgniter->handleRequest(null, Object(Config\Cache), false)
10 FCPATH\index.php(67): CodeIgniter\CodeIgniter->run()
CRITICAL - 2023-03-11 04:52:09 --> Declaration of App\Models\Customer::delete($id) should be compatible with CodeIgniter\BaseModel::delete($id = NULL, bool $purge = false)
in APPPATH\Models\Customer.php on line 29.
 1 APPPATH\Models\Customer.php(8): CodeIgniter\Debug\Exceptions->errorHandler(2, 'Declaration of App\\Models\\Customer::delete($id) should be compatible with CodeIgniter\\BaseModel::delete($id = NULL, bool $purge = false)', 'APPPATH\\Models\\Customer.php', 29, [...])
 2 SYSTEMPATH\Autoloader\Autoloader.php(312): include_once('APPPATH\\Models\\Customer.php')
 3 SYSTEMPATH\Autoloader\Autoloader.php(289): CodeIgniter\Autoloader\Autoloader->includeFile('APPPATH\\Models\\Customer.php')
 4 SYSTEMPATH\Autoloader\Autoloader.php(267): CodeIgniter\Autoloader\Autoloader->loadInNamespace('App\\Models\\Customer')
 5 [internal function]: CodeIgniter\Autoloader\Autoloader->loadClass('App\\Models\\Customer')
 6 APPPATH\Controllers\Customer_ci.php(12): spl_autoload_call('App\\Models\\Customer')
 7 SYSTEMPATH\CodeIgniter.php(906): App\Controllers\Customer_ci->__construct()
 8 SYSTEMPATH\CodeIgniter.php(490): CodeIgniter\CodeIgniter->createController()
 9 SYSTEMPATH\CodeIgniter.php(368): CodeIgniter\CodeIgniter->handleRequest(null, Object(Config\Cache), false)
10 FCPATH\index.php(67): CodeIgniter\CodeIgniter->run()
CRITICAL - 2023-03-11 04:52:38 --> Declaration of App\Models\Customer::delete($id) should be compatible with CodeIgniter\BaseModel::delete($id = NULL, bool $purge = false)
in APPPATH\Models\Customer.php on line 29.
 1 APPPATH\Models\Customer.php(8): CodeIgniter\Debug\Exceptions->errorHandler(2, 'Declaration of App\\Models\\Customer::delete($id) should be compatible with CodeIgniter\\BaseModel::delete($id = NULL, bool $purge = false)', 'APPPATH\\Models\\Customer.php', 29, [...])
 2 SYSTEMPATH\Autoloader\Autoloader.php(312): include_once('APPPATH\\Models\\Customer.php')
 3 SYSTEMPATH\Autoloader\Autoloader.php(289): CodeIgniter\Autoloader\Autoloader->includeFile('APPPATH\\Models\\Customer.php')
 4 SYSTEMPATH\Autoloader\Autoloader.php(267): CodeIgniter\Autoloader\Autoloader->loadInNamespace('App\\Models\\Customer')
 5 [internal function]: CodeIgniter\Autoloader\Autoloader->loadClass('App\\Models\\Customer')
 6 APPPATH\Controllers\Customer_ci.php(12): spl_autoload_call('App\\Models\\Customer')
 7 SYSTEMPATH\CodeIgniter.php(906): App\Controllers\Customer_ci->__construct()
 8 SYSTEMPATH\CodeIgniter.php(490): CodeIgniter\CodeIgniter->createController()
 9 SYSTEMPATH\CodeIgniter.php(368): CodeIgniter\CodeIgniter->handleRequest(null, Object(Config\Cache), false)
10 FCPATH\index.php(67): CodeIgniter\CodeIgniter->run()
CRITICAL - 2023-03-11 04:54:43 --> Declaration of App\Models\Customer::delete($id) should be compatible with CodeIgniter\BaseModel::delete($id = NULL, bool $purge = false)
in APPPATH\Models\Customer.php on line 29.
 1 APPPATH\Models\Customer.php(8): CodeIgniter\Debug\Exceptions->errorHandler(2, 'Declaration of App\\Models\\Customer::delete($id) should be compatible with CodeIgniter\\BaseModel::delete($id = NULL, bool $purge = false)', 'APPPATH\\Models\\Customer.php', 29, [...])
 2 SYSTEMPATH\Autoloader\Autoloader.php(312): include_once('APPPATH\\Models\\Customer.php')
 3 SYSTEMPATH\Autoloader\Autoloader.php(289): CodeIgniter\Autoloader\Autoloader->includeFile('APPPATH\\Models\\Customer.php')
 4 SYSTEMPATH\Autoloader\Autoloader.php(267): CodeIgniter\Autoloader\Autoloader->loadInNamespace('App\\Models\\Customer')
 5 [internal function]: CodeIgniter\Autoloader\Autoloader->loadClass('App\\Models\\Customer')
 6 APPPATH\Controllers\Customer_ci.php(12): spl_autoload_call('App\\Models\\Customer')
 7 SYSTEMPATH\CodeIgniter.php(906): App\Controllers\Customer_ci->__construct()
 8 SYSTEMPATH\CodeIgniter.php(490): CodeIgniter\CodeIgniter->createController()
 9 SYSTEMPATH\CodeIgniter.php(368): CodeIgniter\CodeIgniter->handleRequest(null, Object(Config\Cache), false)
10 FCPATH\index.php(67): CodeIgniter\CodeIgniter->run()
CRITICAL - 2023-03-11 04:55:08 --> Declaration of App\Models\Customer::delete($id) should be compatible with CodeIgniter\BaseModel::delete($id = NULL, bool $purge = false)
in APPPATH\Models\Customer.php on line 29.
 1 APPPATH\Models\Customer.php(8): CodeIgniter\Debug\Exceptions->errorHandler(2, 'Declaration of App\\Models\\Customer::delete($id) should be compatible with CodeIgniter\\BaseModel::delete($id = NULL, bool $purge = false)', 'APPPATH\\Models\\Customer.php', 29, [...])
 2 SYSTEMPATH\Autoloader\Autoloader.php(312): include_once('APPPATH\\Models\\Customer.php')
 3 SYSTEMPATH\Autoloader\Autoloader.php(289): CodeIgniter\Autoloader\Autoloader->includeFile('APPPATH\\Models\\Customer.php')
 4 SYSTEMPATH\Autoloader\Autoloader.php(267): CodeIgniter\Autoloader\Autoloader->loadInNamespace('App\\Models\\Customer')
 5 [internal function]: CodeIgniter\Autoloader\Autoloader->loadClass('App\\Models\\Customer')
 6 APPPATH\Controllers\Customer_ci.php(12): spl_autoload_call('App\\Models\\Customer')
 7 SYSTEMPATH\CodeIgniter.php(906): App\Controllers\Customer_ci->__construct()
 8 SYSTEMPATH\CodeIgniter.php(490): CodeIgniter\CodeIgniter->createController()
 9 SYSTEMPATH\CodeIgniter.php(368): CodeIgniter\CodeIgniter->handleRequest(null, Object(Config\Cache), false)
10 FCPATH\index.php(67): CodeIgniter\CodeIgniter->run()
CRITICAL - 2023-03-11 04:58:52 --> Call to a member function setFlashdata() on null
in APPPATH\Views\inc\main_navi.php on line 5.
 1 SYSTEMPATH\View\View.php(213): include()
 2 SYSTEMPATH\View\View.php(216): CodeIgniter\View\View->CodeIgniter\View\{closure}()
 3 SYSTEMPATH\Common.php(1184): CodeIgniter\View\View->render('inc/main_navi.php', [], true)
 4 APPPATH\Views\customer\view_customer.php(29): view('inc/main_navi.php')
 5 SYSTEMPATH\View\View.php(213): include('APPPATH\\Views\\customer\\view_customer.php')
 6 SYSTEMPATH\View\View.php(216): CodeIgniter\View\View->CodeIgniter\View\{closure}()
 7 SYSTEMPATH\Common.php(1184): CodeIgniter\View\View->render('customer/view_customer', [], true)
 8 APPPATH\Controllers\Customer_ci.php(65): view('customer/view_customer', [...])
 9 SYSTEMPATH\CodeIgniter.php(934): App\Controllers\Customer_ci->view_customer()
10 SYSTEMPATH\CodeIgniter.php(499): CodeIgniter\CodeIgniter->runController(Object(App\Controllers\Customer_ci))
11 SYSTEMPATH\CodeIgniter.php(368): CodeIgniter\CodeIgniter->handleRequest(null, Object(Config\Cache), false)
12 FCPATH\index.php(67): CodeIgniter\CodeIgniter->run()
CRITICAL - 2023-03-11 04:58:59 --> Call to a member function setFlashdata() on null
in APPPATH\Views\inc\main_navi.php on line 5.
 1 SYSTEMPATH\View\View.php(213): include()
 2 SYSTEMPATH\View\View.php(216): CodeIgniter\View\View->CodeIgniter\View\{closure}()
 3 SYSTEMPATH\Common.php(1184): CodeIgniter\View\View->render('inc/main_navi.php', [], true)
 4 APPPATH\Views\customer\add_customer.php(29): view('inc/main_navi.php')
 5 SYSTEMPATH\View\View.php(213): include('APPPATH\\Views\\customer\\add_customer.php')
 6 SYSTEMPATH\View\View.php(216): CodeIgniter\View\View->CodeIgniter\View\{closure}()
 7 SYSTEMPATH\Common.php(1184): CodeIgniter\View\View->render('customer/add_customer', [], true)
 8 APPPATH\Controllers\Customer_ci.php(16): view('customer/add_customer')
 9 SYSTEMPATH\CodeIgniter.php(934): App\Controllers\Customer_ci->add_customer()
10 SYSTEMPATH\CodeIgniter.php(499): CodeIgniter\CodeIgniter->runController(Object(App\Controllers\Customer_ci))
11 SYSTEMPATH\CodeIgniter.php(368): CodeIgniter\CodeIgniter->handleRequest(null, Object(Config\Cache), false)
12 FCPATH\index.php(67): CodeIgniter\CodeIgniter->run()
CRITICAL - 2023-03-11 04:59:00 --> Call to a member function setFlashdata() on null
in APPPATH\Views\inc\main_navi.php on line 5.
 1 APPPATH\Views\dashboard.php(29): include()
 2 SYSTEMPATH\View\View.php(213): include('APPPATH\\Views\\dashboard.php')
 3 SYSTEMPATH\View\View.php(216): CodeIgniter\View\View->CodeIgniter\View\{closure}()
 4 SYSTEMPATH\Common.php(1184): CodeIgniter\View\View->render('dashboard', [], true)
 5 APPPATH\Controllers\Comon_ci.php(9): view('dashboard')
 6 SYSTEMPATH\CodeIgniter.php(934): App\Controllers\Comon_ci->index()
 7 SYSTEMPATH\CodeIgniter.php(499): CodeIgniter\CodeIgniter->runController(Object(App\Controllers\Comon_ci))
 8 SYSTEMPATH\CodeIgniter.php(368): CodeIgniter\CodeIgniter->handleRequest(null, Object(Config\Cache), false)
 9 FCPATH\index.php(67): CodeIgniter\CodeIgniter->run()
CRITICAL - 2023-03-11 04:59:11 --> Call to a member function setFlashdata() on null
in APPPATH\Views\inc\main_navi.php on line 5.
 1 APPPATH\Views\dashboard.php(29): include()
 2 SYSTEMPATH\View\View.php(213): include('APPPATH\\Views\\dashboard.php')
 3 SYSTEMPATH\View\View.php(216): CodeIgniter\View\View->CodeIgniter\View\{closure}()
 4 SYSTEMPATH\Common.php(1184): CodeIgniter\View\View->render('dashboard', [], true)
 5 APPPATH\Controllers\Comon_ci.php(9): view('dashboard')
 6 SYSTEMPATH\CodeIgniter.php(934): App\Controllers\Comon_ci->index()
 7 SYSTEMPATH\CodeIgniter.php(499): CodeIgniter\CodeIgniter->runController(Object(App\Controllers\Comon_ci))
 8 SYSTEMPATH\CodeIgniter.php(368): CodeIgniter\CodeIgniter->handleRequest(null, Object(Config\Cache), false)
 9 FCPATH\index.php(67): CodeIgniter\CodeIgniter->run()
CRITICAL - 2023-03-11 05:04:08 --> Call to a member function setFlashdata() on null
in APPPATH\Views\inc\main_navi.php on line 5.
 1 APPPATH\Views\dashboard.php(29): include()
 2 SYSTEMPATH\View\View.php(213): include('APPPATH\\Views\\dashboard.php')
 3 SYSTEMPATH\View\View.php(216): CodeIgniter\View\View->CodeIgniter\View\{closure}()
 4 SYSTEMPATH\Common.php(1184): CodeIgniter\View\View->render('dashboard', [], true)
 5 APPPATH\Controllers\Comon_ci.php(9): view('dashboard')
 6 SYSTEMPATH\CodeIgniter.php(934): App\Controllers\Comon_ci->index()
 7 SYSTEMPATH\CodeIgniter.php(499): CodeIgniter\CodeIgniter->runController(Object(App\Controllers\Comon_ci))
 8 SYSTEMPATH\CodeIgniter.php(368): CodeIgniter\CodeIgniter->handleRequest(null, Object(Config\Cache), false)
 9 FCPATH\index.php(67): CodeIgniter\CodeIgniter->run()
CRITICAL - 2023-03-11 05:04:08 --> Call to a member function setFlashdata() on null
in APPPATH\Views\inc\main_navi.php on line 5.
 1 APPPATH\Views\dashboard.php(29): include()
 2 SYSTEMPATH\View\View.php(213): include('APPPATH\\Views\\dashboard.php')
 3 SYSTEMPATH\View\View.php(216): CodeIgniter\View\View->CodeIgniter\View\{closure}()
 4 SYSTEMPATH\Common.php(1184): CodeIgniter\View\View->render('dashboard', [], true)
 5 APPPATH\Controllers\Comon_ci.php(9): view('dashboard')
 6 SYSTEMPATH\CodeIgniter.php(934): App\Controllers\Comon_ci->index()
 7 SYSTEMPATH\CodeIgniter.php(499): CodeIgniter\CodeIgniter->runController(Object(App\Controllers\Comon_ci))
 8 SYSTEMPATH\CodeIgniter.php(368): CodeIgniter\CodeIgniter->handleRequest(null, Object(Config\Cache), false)
 9 FCPATH\index.php(67): CodeIgniter\CodeIgniter->run()
CRITICAL - 2023-03-11 05:04:09 --> Call to a member function setFlashdata() on null
in APPPATH\Views\inc\main_navi.php on line 5.
 1 APPPATH\Views\dashboard.php(29): include()
 2 SYSTEMPATH\View\View.php(213): include('APPPATH\\Views\\dashboard.php')
 3 SYSTEMPATH\View\View.php(216): CodeIgniter\View\View->CodeIgniter\View\{closure}()
 4 SYSTEMPATH\Common.php(1184): CodeIgniter\View\View->render('dashboard', [], true)
 5 APPPATH\Controllers\Comon_ci.php(9): view('dashboard')
 6 SYSTEMPATH\CodeIgniter.php(934): App\Controllers\Comon_ci->index()
 7 SYSTEMPATH\CodeIgniter.php(499): CodeIgniter\CodeIgniter->runController(Object(App\Controllers\Comon_ci))
 8 SYSTEMPATH\CodeIgniter.php(368): CodeIgniter\CodeIgniter->handleRequest(null, Object(Config\Cache), false)
 9 FCPATH\index.php(67): CodeIgniter\CodeIgniter->run()
CRITICAL - 2023-03-11 05:05:04 --> Call to a member function userdata() on null
in APPPATH\Views\inc\main_navi.php on line 5.
 1 APPPATH\Views\dashboard.php(29): include()
 2 SYSTEMPATH\View\View.php(213): include('APPPATH\\Views\\dashboard.php')
 3 SYSTEMPATH\View\View.php(216): CodeIgniter\View\View->CodeIgniter\View\{closure}()
 4 SYSTEMPATH\Common.php(1184): CodeIgniter\View\View->render('dashboard', [], true)
 5 APPPATH\Controllers\Comon_ci.php(9): view('dashboard')
 6 SYSTEMPATH\CodeIgniter.php(934): App\Controllers\Comon_ci->index()
 7 SYSTEMPATH\CodeIgniter.php(499): CodeIgniter\CodeIgniter->runController(Object(App\Controllers\Comon_ci))
 8 SYSTEMPATH\CodeIgniter.php(368): CodeIgniter\CodeIgniter->handleRequest(null, Object(Config\Cache), false)
 9 FCPATH\index.php(67): CodeIgniter\CodeIgniter->run()
ERROR - 2023-03-11 05:37:32 --> mysqli_sql_exception: Unknown column 'customer_id' in 'where clause' in C:\xampp\htdocs\fm_pos\system\Database\MySQLi\Connection.php:295
Stack trace:
#0 C:\xampp\htdocs\fm_pos\system\Database\MySQLi\Connection.php(295): mysqli->query('DELETE FROM `fm...', 0)
#1 C:\xampp\htdocs\fm_pos\system\Database\BaseConnection.php(691): CodeIgniter\Database\MySQLi\Connection->execute('DELETE FROM `fm...')
#2 C:\xampp\htdocs\fm_pos\system\Database\BaseConnection.php(605): CodeIgniter\Database\BaseConnection->simpleQuery('DELETE FROM `fm...')
#3 C:\xampp\htdocs\fm_pos\system\Database\BaseBuilder.php(2791): CodeIgniter\Database\BaseConnection->query('DELETE FROM `fm...', Array, false)
#4 C:\xampp\htdocs\fm_pos\app\Models\Supplier.php(33): CodeIgniter\Database\BaseBuilder->delete()
#5 C:\xampp\htdocs\fm_pos\app\Controllers\Supplier_ci.php(62): App\Models\Supplier->delete_recode('55')
#6 C:\xampp\htdocs\fm_pos\system\CodeIgniter.php(934): App\Controllers\Supplier_ci->delete_recode('55')
#7 C:\xampp\htdocs\fm_pos\system\CodeIgniter.php(499): CodeIgniter\CodeIgniter->runController(Object(App\Controllers\Supplier_ci))
#8 C:\xampp\htdocs\fm_pos\system\CodeIgniter.php(368): CodeIgniter\CodeIgniter->handleRequest(NULL, Object(Config\Cache), false)
#9 C:\xampp\htdocs\fm_pos\index.php(67): CodeIgniter\CodeIgniter->run()
#10 {main}
CRITICAL - 2023-03-11 05:37:32 --> Unknown column 'customer_id' in 'where clause'
in SYSTEMPATH\Database\BaseConnection.php on line 645.
 1 SYSTEMPATH\Database\BaseBuilder.php(2791): CodeIgniter\Database\BaseConnection->query('DELETE FROM `fmpos_supplier`
WHERE `customer_id` = :customer_id:', [...], false)
 2 APPPATH\Models\Supplier.php(33): CodeIgniter\Database\BaseBuilder->delete()
 3 APPPATH\Controllers\Supplier_ci.php(62): App\Models\Supplier->delete_recode('55')
 4 SYSTEMPATH\CodeIgniter.php(934): App\Controllers\Supplier_ci->delete_recode('55')
 5 SYSTEMPATH\CodeIgniter.php(499): CodeIgniter\CodeIgniter->runController(Object(App\Controllers\Supplier_ci))
 6 SYSTEMPATH\CodeIgniter.php(368): CodeIgniter\CodeIgniter->handleRequest(null, Object(Config\Cache), false)
 7 FCPATH\index.php(67): CodeIgniter\CodeIgniter->run()
CRITICAL - 2023-03-11 06:56:02 --> Declaration of App\Models\Customer::update($id, $data) must be compatible with CodeIgniter\Model::update($id = NULL, $data = NULL): bool
in APPPATH\Models\Customer.php on line 37.
 1 [internal function]: CodeIgniter\Debug\Exceptions->shutdownHandler()
CRITICAL - 2023-03-11 13:56:15 --> Call to a member function get_supplier() on null
in APPPATH\Controllers\Supplier_ci.php on line 62.
 1 SYSTEMPATH\CodeIgniter.php(934): App\Controllers\Supplier_ci->edit_supplier('7')
 2 SYSTEMPATH\CodeIgniter.php(499): CodeIgniter\CodeIgniter->runController(Object(App\Controllers\Supplier_ci))
 3 SYSTEMPATH\CodeIgniter.php(368): CodeIgniter\CodeIgniter->handleRequest(null, Object(Config\Cache), false)
 4 FCPATH\index.php(67): CodeIgniter\CodeIgniter->run()
CRITICAL - 2023-03-11 13:57:33 --> Call to a member function get_supplier() on null
in APPPATH\Controllers\Supplier_ci.php on line 62.
 1 SYSTEMPATH\CodeIgniter.php(934): App\Controllers\Supplier_ci->edit_supplier('7')
 2 SYSTEMPATH\CodeIgniter.php(499): CodeIgniter\CodeIgniter->runController(Object(App\Controllers\Supplier_ci))
 3 SYSTEMPATH\CodeIgniter.php(368): CodeIgniter\CodeIgniter->handleRequest(null, Object(Config\Cache), false)
 4 FCPATH\index.php(67): CodeIgniter\CodeIgniter->run()
CRITICAL - 2023-03-11 13:57:40 --> Call to a member function get_supplier() on null
in APPPATH\Controllers\Supplier_ci.php on line 62.
 1 SYSTEMPATH\CodeIgniter.php(934): App\Controllers\Supplier_ci->edit_supplier('4')
 2 SYSTEMPATH\CodeIgniter.php(499): CodeIgniter\CodeIgniter->runController(Object(App\Controllers\Supplier_ci))
 3 SYSTEMPATH\CodeIgniter.php(368): CodeIgniter\CodeIgniter->handleRequest(null, Object(Config\Cache), false)
 4 FCPATH\index.php(67): CodeIgniter\CodeIgniter->run()
CRITICAL - 2023-03-11 14:01:31 --> Call to a member function setFlashdata() on bool
in APPPATH\Controllers\Supplier_ci.php on line 92.
 1 SYSTEMPATH\CodeIgniter.php(934): App\Controllers\Supplier_ci->update_supplier()
 2 SYSTEMPATH\CodeIgniter.php(499): CodeIgniter\CodeIgniter->runController(Object(App\Controllers\Supplier_ci))
 3 SYSTEMPATH\CodeIgniter.php(368): CodeIgniter\CodeIgniter->handleRequest(null, Object(Config\Cache), false)
 4 FCPATH\index.php(67): CodeIgniter\CodeIgniter->run()
CRITICAL - 2023-03-11 14:58:47 --> Call to a member function getName() on null
in APPPATH\Controllers\Customer_ci.php on line 47.
 1 SYSTEMPATH\CodeIgniter.php(934): App\Controllers\Customer_ci->save_customer()
 2 SYSTEMPATH\CodeIgniter.php(499): CodeIgniter\CodeIgniter->runController(Object(App\Controllers\Customer_ci))
 3 SYSTEMPATH\CodeIgniter.php(368): CodeIgniter\CodeIgniter->handleRequest(null, Object(Config\Cache), false)
 4 FCPATH\index.php(67): CodeIgniter\CodeIgniter->run()
CRITICAL - 2023-03-11 15:15:35 --> Call to a member function getRandomName() on null
in APPPATH\Controllers\Customer_ci.php on line 24.
 1 SYSTEMPATH\CodeIgniter.php(934): App\Controllers\Customer_ci->save_customer()
 2 SYSTEMPATH\CodeIgniter.php(499): CodeIgniter\CodeIgniter->runController(Object(App\Controllers\Customer_ci))
 3 SYSTEMPATH\CodeIgniter.php(368): CodeIgniter\CodeIgniter->handleRequest(null, Object(Config\Cache), false)
 4 FCPATH\index.php(67): CodeIgniter\CodeIgniter->run()
CRITICAL - 2023-03-11 15:15:56 --> Call to a member function getRandomName() on null
in APPPATH\Controllers\Customer_ci.php on line 24.
 1 SYSTEMPATH\CodeIgniter.php(934): App\Controllers\Customer_ci->save_customer()
 2 SYSTEMPATH\CodeIgniter.php(499): CodeIgniter\CodeIgniter->runController(Object(App\Controllers\Customer_ci))
 3 SYSTEMPATH\CodeIgniter.php(368): CodeIgniter\CodeIgniter->handleRequest(null, Object(Config\Cache), false)
 4 FCPATH\index.php(67): CodeIgniter\CodeIgniter->run()
CRITICAL - 2023-03-11 15:16:33 --> Call to a member function move() on null
in APPPATH\Controllers\Customer_ci.php on line 25.
 1 SYSTEMPATH\CodeIgniter.php(934): App\Controllers\Customer_ci->save_customer()
 2 SYSTEMPATH\CodeIgniter.php(499): CodeIgniter\CodeIgniter->runController(Object(App\Controllers\Customer_ci))
 3 SYSTEMPATH\CodeIgniter.php(368): CodeIgniter\CodeIgniter->handleRequest(null, Object(Config\Cache), false)
 4 FCPATH\index.php(67): CodeIgniter\CodeIgniter->run()
CRITICAL - 2023-03-11 15:17:10 --> Call to a member function move() on null
in APPPATH\Controllers\Customer_ci.php on line 25.
 1 SYSTEMPATH\CodeIgniter.php(934): App\Controllers\Customer_ci->save_customer()
 2 SYSTEMPATH\CodeIgniter.php(499): CodeIgniter\CodeIgniter->runController(Object(App\Controllers\Customer_ci))
 3 SYSTEMPATH\CodeIgniter.php(368): CodeIgniter\CodeIgniter->handleRequest(null, Object(Config\Cache), false)
 4 FCPATH\index.php(67): CodeIgniter\CodeIgniter->run()
CRITICAL - 2023-03-11 15:17:37 --> Call to a member function move() on null
in APPPATH\Controllers\Customer_ci.php on line 22.
 1 SYSTEMPATH\CodeIgniter.php(934): App\Controllers\Customer_ci->save_customer()
 2 SYSTEMPATH\CodeIgniter.php(499): CodeIgniter\CodeIgniter->runController(Object(App\Controllers\Customer_ci))
 3 SYSTEMPATH\CodeIgniter.php(368): CodeIgniter\CodeIgniter->handleRequest(null, Object(Config\Cache), false)
 4 FCPATH\index.php(67): CodeIgniter\CodeIgniter->run()
CRITICAL - 2023-03-11 15:17:56 --> Call to a member function move() on null
in APPPATH\Controllers\Customer_ci.php on line 22.
 1 SYSTEMPATH\CodeIgniter.php(934): App\Controllers\Customer_ci->save_customer()
 2 SYSTEMPATH\CodeIgniter.php(499): CodeIgniter\CodeIgniter->runController(Object(App\Controllers\Customer_ci))
 3 SYSTEMPATH\CodeIgniter.php(368): CodeIgniter\CodeIgniter->handleRequest(null, Object(Config\Cache), false)
 4 FCPATH\index.php(67): CodeIgniter\CodeIgniter->run()
CRITICAL - 2023-03-11 17:33:31 --> Invalid argument supplied for foreach()
in APPPATH\Views\employee\view_employee.php on line 56.
 1 APPPATH\Views\employee\view_employee.php(56): CodeIgniter\Debug\Exceptions->errorHandler(2, 'Invalid argument supplied for foreach()', 'APPPATH\\Views\\employee\\view_employee.php', 56, [])
 2 SYSTEMPATH\View\View.php(213): include('APPPATH\\Views\\employee\\view_employee.php')
 3 SYSTEMPATH\View\View.php(216): CodeIgniter\View\View->CodeIgniter\View\{closure}()
 4 SYSTEMPATH\Common.php(1184): CodeIgniter\View\View->render('employee/view_employee', [], true)
 5 APPPATH\Controllers\Employee_ci.php(77): view('employee/view_employee')
 6 SYSTEMPATH\CodeIgniter.php(934): App\Controllers\Employee_ci->view_employee()
 7 SYSTEMPATH\CodeIgniter.php(499): CodeIgniter\CodeIgniter->runController(Object(App\Controllers\Employee_ci))
 8 SYSTEMPATH\CodeIgniter.php(368): CodeIgniter\CodeIgniter->handleRequest(null, Object(Config\Cache), false)
 9 FCPATH\index.php(67): CodeIgniter\CodeIgniter->run()
CRITICAL - 2023-03-11 17:47:17 --> Invalid argument supplied for foreach()
in APPPATH\Views\employee\view_employee.php on line 65.
 1 APPPATH\Views\employee\view_employee.php(65): CodeIgniter\Debug\Exceptions->errorHandler(2, 'Invalid argument supplied for foreach()', 'APPPATH\\Views\\employee\\view_employee.php', 65, [])
 2 SYSTEMPATH\View\View.php(213): include('APPPATH\\Views\\employee\\view_employee.php')
 3 SYSTEMPATH\View\View.php(216): CodeIgniter\View\View->CodeIgniter\View\{closure}()
 4 SYSTEMPATH\Common.php(1184): CodeIgniter\View\View->render('employee/view_employee', [], true)
 5 APPPATH\Controllers\Employee_ci.php(77): view('employee/view_employee')
 6 SYSTEMPATH\CodeIgniter.php(934): App\Controllers\Employee_ci->view_employee()
 7 SYSTEMPATH\CodeIgniter.php(499): CodeIgniter\CodeIgniter->runController(Object(App\Controllers\Employee_ci))
 8 SYSTEMPATH\CodeIgniter.php(368): CodeIgniter\CodeIgniter->handleRequest(null, Object(Config\Cache), false)
 9 FCPATH\index.php(67): CodeIgniter\CodeIgniter->run()
CRITICAL - 2023-03-11 17:49:07 --> Invalid argument supplied for foreach()
in APPPATH\Views\employee\view_employee.php on line 65.
 1 APPPATH\Views\employee\view_employee.php(65): CodeIgniter\Debug\Exceptions->errorHandler(2, 'Invalid argument supplied for foreach()', 'APPPATH\\Views\\employee\\view_employee.php', 65, [])
 2 SYSTEMPATH\View\View.php(213): include('APPPATH\\Views\\employee\\view_employee.php')
 3 SYSTEMPATH\View\View.php(216): CodeIgniter\View\View->CodeIgniter\View\{closure}()
 4 SYSTEMPATH\Common.php(1184): CodeIgniter\View\View->render('employee/view_employee', [], true)
 5 APPPATH\Controllers\Employee_ci.php(77): view('employee/view_employee')
 6 SYSTEMPATH\CodeIgniter.php(934): App\Controllers\Employee_ci->view_employee()
 7 SYSTEMPATH\CodeIgniter.php(499): CodeIgniter\CodeIgniter->runController(Object(App\Controllers\Employee_ci))
 8 SYSTEMPATH\CodeIgniter.php(368): CodeIgniter\CodeIgniter->handleRequest(null, Object(Config\Cache), false)
 9 FCPATH\index.php(67): CodeIgniter\CodeIgniter->run()
CRITICAL - 2023-03-11 17:49:10 --> Invalid argument supplied for foreach()
in APPPATH\Views\employee\view_employee.php on line 65.
 1 APPPATH\Views\employee\view_employee.php(65): CodeIgniter\Debug\Exceptions->errorHandler(2, 'Invalid argument supplied for foreach()', 'APPPATH\\Views\\employee\\view_employee.php', 65, [])
 2 SYSTEMPATH\View\View.php(213): include('APPPATH\\Views\\employee\\view_employee.php')
 3 SYSTEMPATH\View\View.php(216): CodeIgniter\View\View->CodeIgniter\View\{closure}()
 4 SYSTEMPATH\Common.php(1184): CodeIgniter\View\View->render('employee/view_employee', [], true)
 5 APPPATH\Controllers\Employee_ci.php(77): view('employee/view_employee')
 6 SYSTEMPATH\CodeIgniter.php(934): App\Controllers\Employee_ci->view_employee()
 7 SYSTEMPATH\CodeIgniter.php(499): CodeIgniter\CodeIgniter->runController(Object(App\Controllers\Employee_ci))
 8 SYSTEMPATH\CodeIgniter.php(368): CodeIgniter\CodeIgniter->handleRequest(null, Object(Config\Cache), false)
 9 FCPATH\index.php(67): CodeIgniter\CodeIgniter->run()
CRITICAL - 2023-03-11 17:49:10 --> Invalid argument supplied for foreach()
in APPPATH\Views\employee\view_employee.php on line 65.
 1 APPPATH\Views\employee\view_employee.php(65): CodeIgniter\Debug\Exceptions->errorHandler(2, 'Invalid argument supplied for foreach()', 'APPPATH\\Views\\employee\\view_employee.php', 65, [])
 2 SYSTEMPATH\View\View.php(213): include('APPPATH\\Views\\employee\\view_employee.php')
 3 SYSTEMPATH\View\View.php(216): CodeIgniter\View\View->CodeIgniter\View\{closure}()
 4 SYSTEMPATH\Common.php(1184): CodeIgniter\View\View->render('employee/view_employee', [], true)
 5 APPPATH\Controllers\Employee_ci.php(77): view('employee/view_employee')
 6 SYSTEMPATH\CodeIgniter.php(934): App\Controllers\Employee_ci->view_employee()
 7 SYSTEMPATH\CodeIgniter.php(499): CodeIgniter\CodeIgniter->runController(Object(App\Controllers\Employee_ci))
 8 SYSTEMPATH\CodeIgniter.php(368): CodeIgniter\CodeIgniter->handleRequest(null, Object(Config\Cache), false)
 9 FCPATH\index.php(67): CodeIgniter\CodeIgniter->run()
CRITICAL - 2023-03-11 17:51:15 --> Invalid argument supplied for foreach()
in APPPATH\Views\employee\view_employee.php on line 66.
 1 APPPATH\Views\employee\view_employee.php(66): CodeIgniter\Debug\Exceptions->errorHandler(2, 'Invalid argument supplied for foreach()', 'APPPATH\\Views\\employee\\view_employee.php', 66, [])
 2 SYSTEMPATH\View\View.php(213): include('APPPATH\\Views\\employee\\view_employee.php')
 3 SYSTEMPATH\View\View.php(216): CodeIgniter\View\View->CodeIgniter\View\{closure}()
 4 SYSTEMPATH\Common.php(1184): CodeIgniter\View\View->render('employee/view_employee', [], true)
 5 APPPATH\Controllers\Employee_ci.php(77): view('employee/view_employee')
 6 SYSTEMPATH\CodeIgniter.php(934): App\Controllers\Employee_ci->view_employee()
 7 SYSTEMPATH\CodeIgniter.php(499): CodeIgniter\CodeIgniter->runController(Object(App\Controllers\Employee_ci))
 8 SYSTEMPATH\CodeIgniter.php(368): CodeIgniter\CodeIgniter->handleRequest(null, Object(Config\Cache), false)
 9 FCPATH\index.php(67): CodeIgniter\CodeIgniter->run()
CRITICAL - 2023-03-11 17:59:23 --> You must set the database table to be used with your query.
in SYSTEMPATH\Database\BaseConnection.php on line 882.
 1 SYSTEMPATH\Model.php(642): CodeIgniter\Database\BaseConnection->table(null)
 2 SYSTEMPATH\Model.php(832): CodeIgniter\Model->builder()
 3 APPPATH\Controllers\Employee_ci.php(81): CodeIgniter\Model->__call('get_employee', [...])
 4 SYSTEMPATH\CodeIgniter.php(934): App\Controllers\Employee_ci->edit_employee('1')
 5 SYSTEMPATH\CodeIgniter.php(499): CodeIgniter\CodeIgniter->runController(Object(App\Controllers\Employee_ci))
 6 SYSTEMPATH\CodeIgniter.php(368): CodeIgniter\CodeIgniter->handleRequest(null, Object(Config\Cache), false)
 7 FCPATH\index.php(67): CodeIgniter\CodeIgniter->run()
