ERROR - 2023-04-11 04:17:46 --> mysqli_sql_exception: You have an error in your SQL syntax; check the manual that corresponds to your MariaDB server version for the right syntax to use near '.`pro_id_6,fmpos_promotion`.`pro_id_61`' at line 4 in C:\xampp\htdocs\fm_pos\system\Database\MySQLi\Connection.php:295
Stack trace:
#0 C:\xampp\htdocs\fm_pos\system\Database\MySQLi\Connection.php(295): mysqli->query('SELECT *\nFROM `...', 0)
#1 C:\xampp\htdocs\fm_pos\system\Database\BaseConnection.php(691): CodeIgniter\Database\MySQLi\Connection->execute('SELECT *\nFROM `...')
#2 C:\xampp\htdocs\fm_pos\system\Database\BaseConnection.php(605): CodeIgniter\Database\BaseConnection->simpleQuery('SELECT *\nFROM `...')
#3 C:\xampp\htdocs\fm_pos\system\Database\BaseBuilder.php(1616): CodeIgniter\Database\BaseConnection->query('SELECT *\nFROM `...', Array, false)
#4 C:\xampp\htdocs\fm_pos\app\Models\Promotion.php(27): CodeIgniter\Database\BaseBuilder->get()
#5 C:\xampp\htdocs\fm_pos\app\Controllers\Promotion_ci.php(87): App\Models\Promotion->promotion_list()
#6 C:\xampp\htdocs\fm_pos\system\CodeIgniter.php(934): App\Controllers\Promotion_ci->view_promotion()
#7 C:\xampp\htdocs\fm_pos\system\CodeIgniter.php(499): CodeIgniter\CodeIgniter->runController(Object(App\Controllers\Promotion_ci))
#8 C:\xampp\htdocs\fm_pos\system\CodeIgniter.php(368): CodeIgniter\CodeIgniter->handleRequest(NULL, Object(Config\Cache), false)
#9 C:\xampp\htdocs\fm_pos\index.php(67): CodeIgniter\CodeIgniter->run()
#10 {main}
CRITICAL - 2023-04-11 04:17:46 --> You have an error in your SQL syntax; check the manual that corresponds to your MariaDB server version for the right syntax to use near '.`pro_id_6,fmpos_promotion`.`pro_id_61`' at line 4
in SYSTEMPATH\Database\BaseConnection.php on line 645.
 1 SYSTEMPATH\Database\BaseBuilder.php(1616): CodeIgniter\Database\BaseConnection->query('SELECT *
FROM `fmpos_promotion`
JOIN `fmpos_supplier` ON `fmpos_supplier`.`supplier_id` = `fmpos_promotion`.`supplier_id_1`
JOIN `fmpos_product` ON `fmpos_product`.`pro_id` = `fmpos_promotion`.`pro_id_2,fmpos_promotion`.`pro_id_5,fmpos_promotion`.`pro_id_6,fmpos_promotion`.`pro_id_61`', [], false)
 2 APPPATH\Models\Promotion.php(27): CodeIgniter\Database\BaseBuilder->get()
 3 APPPATH\Controllers\Promotion_ci.php(87): App\Models\Promotion->promotion_list()
 4 SYSTEMPATH\CodeIgniter.php(934): App\Controllers\Promotion_ci->view_promotion()
 5 SYSTEMPATH\CodeIgniter.php(499): CodeIgniter\CodeIgniter->runController(Object(App\Controllers\Promotion_ci))
 6 SYSTEMPATH\CodeIgniter.php(368): CodeIgniter\CodeIgniter->handleRequest(null, Object(Config\Cache), false)
 7 FCPATH\index.php(67): CodeIgniter\CodeIgniter->run()
ERROR - 2023-04-11 04:18:40 --> mysqli_sql_exception: You have an error in your SQL syntax; check the manual that corresponds to your MariaDB server version for the right syntax to use near '.`pro_id_6``,``fmpos_promotion`.`pro_id_61`' at line 4 in C:\xampp\htdocs\fm_pos\system\Database\MySQLi\Connection.php:295
Stack trace:
#0 C:\xampp\htdocs\fm_pos\system\Database\MySQLi\Connection.php(295): mysqli->query('SELECT *\nFROM `...', 0)
#1 C:\xampp\htdocs\fm_pos\system\Database\BaseConnection.php(691): CodeIgniter\Database\MySQLi\Connection->execute('SELECT *\nFROM `...')
#2 C:\xampp\htdocs\fm_pos\system\Database\BaseConnection.php(605): CodeIgniter\Database\BaseConnection->simpleQuery('SELECT *\nFROM `...')
#3 C:\xampp\htdocs\fm_pos\system\Database\BaseBuilder.php(1616): CodeIgniter\Database\BaseConnection->query('SELECT *\nFROM `...', Array, false)
#4 C:\xampp\htdocs\fm_pos\app\Models\Promotion.php(27): CodeIgniter\Database\BaseBuilder->get()
#5 C:\xampp\htdocs\fm_pos\app\Controllers\Promotion_ci.php(87): App\Models\Promotion->promotion_list()
#6 C:\xampp\htdocs\fm_pos\system\CodeIgniter.php(934): App\Controllers\Promotion_ci->view_promotion()
#7 C:\xampp\htdocs\fm_pos\system\CodeIgniter.php(499): CodeIgniter\CodeIgniter->runController(Object(App\Controllers\Promotion_ci))
#8 C:\xampp\htdocs\fm_pos\system\CodeIgniter.php(368): CodeIgniter\CodeIgniter->handleRequest(NULL, Object(Config\Cache), false)
#9 C:\xampp\htdocs\fm_pos\index.php(67): CodeIgniter\CodeIgniter->run()
#10 {main}
CRITICAL - 2023-04-11 04:18:40 --> You have an error in your SQL syntax; check the manual that corresponds to your MariaDB server version for the right syntax to use near '.`pro_id_6``,``fmpos_promotion`.`pro_id_61`' at line 4
in SYSTEMPATH\Database\BaseConnection.php on line 645.
 1 SYSTEMPATH\Database\BaseBuilder.php(1616): CodeIgniter\Database\BaseConnection->query('SELECT *
FROM `fmpos_promotion`
JOIN `fmpos_supplier` ON `fmpos_supplier.supplier_id` = `fmpos_promotion.supplier_id_1`
JOIN `fmpos_product` ON `fmpos_product`.`pro_id` = `fmpos_promotion`.`pro_id_2``,``fmpos_promotion`.`pro_id_5``,``fmpos_promotion`.`pro_id_6``,``fmpos_promotion`.`pro_id_61`', [], false)
 2 APPPATH\Models\Promotion.php(27): CodeIgniter\Database\BaseBuilder->get()
 3 APPPATH\Controllers\Promotion_ci.php(87): App\Models\Promotion->promotion_list()
 4 SYSTEMPATH\CodeIgniter.php(934): App\Controllers\Promotion_ci->view_promotion()
 5 SYSTEMPATH\CodeIgniter.php(499): CodeIgniter\CodeIgniter->runController(Object(App\Controllers\Promotion_ci))
 6 SYSTEMPATH\CodeIgniter.php(368): CodeIgniter\CodeIgniter->handleRequest(null, Object(Config\Cache), false)
 7 FCPATH\index.php(67): CodeIgniter\CodeIgniter->run()
ERROR - 2023-04-11 04:20:22 --> mysqli_sql_exception: Unknown column 'fmpos_promotion.pro_id_2,pro_id_5,pro_id_6,pro_id_61' in 'on clause' in C:\xampp\htdocs\fm_pos\system\Database\MySQLi\Connection.php:295
Stack trace:
#0 C:\xampp\htdocs\fm_pos\system\Database\MySQLi\Connection.php(295): mysqli->query('SELECT *\nFROM `...', 0)
#1 C:\xampp\htdocs\fm_pos\system\Database\BaseConnection.php(691): CodeIgniter\Database\MySQLi\Connection->execute('SELECT *\nFROM `...')
#2 C:\xampp\htdocs\fm_pos\system\Database\BaseConnection.php(605): CodeIgniter\Database\BaseConnection->simpleQuery('SELECT *\nFROM `...')
#3 C:\xampp\htdocs\fm_pos\system\Database\BaseBuilder.php(1616): CodeIgniter\Database\BaseConnection->query('SELECT *\nFROM `...', Array, false)
#4 C:\xampp\htdocs\fm_pos\app\Models\Promotion.php(27): CodeIgniter\Database\BaseBuilder->get()
#5 C:\xampp\htdocs\fm_pos\app\Controllers\Promotion_ci.php(87): App\Models\Promotion->promotion_list()
#6 C:\xampp\htdocs\fm_pos\system\CodeIgniter.php(934): App\Controllers\Promotion_ci->view_promotion()
#7 C:\xampp\htdocs\fm_pos\system\CodeIgniter.php(499): CodeIgniter\CodeIgniter->runController(Object(App\Controllers\Promotion_ci))
#8 C:\xampp\htdocs\fm_pos\system\CodeIgniter.php(368): CodeIgniter\CodeIgniter->handleRequest(NULL, Object(Config\Cache), false)
#9 C:\xampp\htdocs\fm_pos\index.php(67): CodeIgniter\CodeIgniter->run()
#10 {main}
CRITICAL - 2023-04-11 04:20:22 --> Unknown column 'fmpos_promotion.pro_id_2,pro_id_5,pro_id_6,pro_id_61' in 'on clause'
in SYSTEMPATH\Database\BaseConnection.php on line 645.
 1 SYSTEMPATH\Database\BaseBuilder.php(1616): CodeIgniter\Database\BaseConnection->query('SELECT *
FROM `fmpos_promotion`
JOIN `fmpos_supplier` ON `fmpos_supplier`.`supplier_id` = `fmpos_promotion`.`supplier_id_1`
JOIN `fmpos_product` ON `fmpos_product`.`pro_id` = `fmpos_promotion`.`pro_id_2,pro_id_5,pro_id_6,pro_id_61`', [], false)
 2 APPPATH\Models\Promotion.php(27): CodeIgniter\Database\BaseBuilder->get()
 3 APPPATH\Controllers\Promotion_ci.php(87): App\Models\Promotion->promotion_list()
 4 SYSTEMPATH\CodeIgniter.php(934): App\Controllers\Promotion_ci->view_promotion()
 5 SYSTEMPATH\CodeIgniter.php(499): CodeIgniter\CodeIgniter->runController(Object(App\Controllers\Promotion_ci))
 6 SYSTEMPATH\CodeIgniter.php(368): CodeIgniter\CodeIgniter->handleRequest(null, Object(Config\Cache), false)
 7 FCPATH\index.php(67): CodeIgniter\CodeIgniter->run()
CRITICAL - 2023-04-11 04:39:24 --> Call to undefined method CodeIgniter\Database\MySQLi\Connection::select()
in APPPATH\Models\Promotion.php on line 24.
 1 APPPATH\Controllers\Promotion_ci.php(87): App\Models\Promotion->promotion_list()
 2 SYSTEMPATH\CodeIgniter.php(934): App\Controllers\Promotion_ci->view_promotion()
 3 SYSTEMPATH\CodeIgniter.php(499): CodeIgniter\CodeIgniter->runController(Object(App\Controllers\Promotion_ci))
 4 SYSTEMPATH\CodeIgniter.php(368): CodeIgniter\CodeIgniter->handleRequest(null, Object(Config\Cache), false)
 5 FCPATH\index.php(67): CodeIgniter\CodeIgniter->run()
ERROR - 2023-04-11 05:49:17 --> mysqli_sql_exception: Not unique table/alias: 'fmpos_product' in C:\xampp\htdocs\fm_pos\system\Database\MySQLi\Connection.php:295
Stack trace:
#0 C:\xampp\htdocs\fm_pos\system\Database\MySQLi\Connection.php(295): mysqli->query('SELECT *\nFROM `...', 0)
#1 C:\xampp\htdocs\fm_pos\system\Database\BaseConnection.php(691): CodeIgniter\Database\MySQLi\Connection->execute('SELECT *\nFROM `...')
#2 C:\xampp\htdocs\fm_pos\system\Database\BaseConnection.php(605): CodeIgniter\Database\BaseConnection->simpleQuery('SELECT *\nFROM `...')
#3 C:\xampp\htdocs\fm_pos\system\Database\BaseBuilder.php(1616): CodeIgniter\Database\BaseConnection->query('SELECT *\nFROM `...', Array, false)
#4 C:\xampp\htdocs\fm_pos\app\Models\Promotion.php(30): CodeIgniter\Database\BaseBuilder->get()
#5 C:\xampp\htdocs\fm_pos\app\Controllers\Promotion_ci.php(87): App\Models\Promotion->promotion_list()
#6 C:\xampp\htdocs\fm_pos\system\CodeIgniter.php(934): App\Controllers\Promotion_ci->view_promotion()
#7 C:\xampp\htdocs\fm_pos\system\CodeIgniter.php(499): CodeIgniter\CodeIgniter->runController(Object(App\Controllers\Promotion_ci))
#8 C:\xampp\htdocs\fm_pos\system\CodeIgniter.php(368): CodeIgniter\CodeIgniter->handleRequest(NULL, Object(Config\Cache), false)
#9 C:\xampp\htdocs\fm_pos\index.php(67): CodeIgniter\CodeIgniter->run()
#10 {main}
CRITICAL - 2023-04-11 05:49:17 --> Not unique table/alias: 'fmpos_product'
in SYSTEMPATH\Database\BaseConnection.php on line 645.
 1 SYSTEMPATH\Database\BaseBuilder.php(1616): CodeIgniter\Database\BaseConnection->query('SELECT *
FROM `fmpos_promotion`
LEFT JOIN `fmpos_supplier` ON `fmpos_supplier`.`supplier_id` = `fmpos_promotion`.`supplier_id_1`
LEFT JOIN `fmpos_product` ON `fmpos_product`.`pro_id` = `fmpos_promotion`.`pro_id_2`
LEFT JOIN `fmpos_product` ON `fmpos_product`.`pro_id` = `fmpos_promotion`.`pro_id_5`
LEFT JOIN `fmpos_product` ON `fmpos_product`.`pro_id` = `fmpos_promotion`.`pro_id_6`
LEFT JOIN `fmpos_product` ON `fmpos_product`.`pro_id` = `fmpos_promotion`.`pro_id_61`', [], false)
 2 APPPATH\Models\Promotion.php(30): CodeIgniter\Database\BaseBuilder->get()
 3 APPPATH\Controllers\Promotion_ci.php(87): App\Models\Promotion->promotion_list()
 4 SYSTEMPATH\CodeIgniter.php(934): App\Controllers\Promotion_ci->view_promotion()
 5 SYSTEMPATH\CodeIgniter.php(499): CodeIgniter\CodeIgniter->runController(Object(App\Controllers\Promotion_ci))
 6 SYSTEMPATH\CodeIgniter.php(368): CodeIgniter\CodeIgniter->handleRequest(null, Object(Config\Cache), false)
 7 FCPATH\index.php(67): CodeIgniter\CodeIgniter->run()
