CRITICAL - 2023-03-06 10:07:33 --> Too few arguments to function CodeIgniter\Router\RouteCollection::get(), 1 passed in C:\xampp\htdocs\fm_pos\app\Config\Routes.php on line 33 and at least 2 expected
in SYSTEMPATH\Router\RouteCollection.php on line 915.
 1 APPPATH\Config\Routes.php(33): CodeIgniter\Router\RouteCollection->get('Comon_Ci::index')
 2 SYSTEMPATH\Router\RouteCollection.php(267): require('APPPATH\\Config\\Routes.php')
 3 SYSTEMPATH\CodeIgniter.php(802): CodeIgniter\Router\RouteCollection->loadRoutes()
 4 SYSTEMPATH\CodeIgniter.php(449): CodeIgniter\CodeIgniter->tryToRouteIt(null)
 5 SYSTEMPATH\CodeIgniter.php(368): CodeIgniter\CodeIgniter->handleRequest(null, Object(Config\Cache), false)
 6 FCPATH\index.php(67): CodeIgniter\CodeIgniter->run()
CRITICAL - 2023-03-06 10:07:37 --> Too few arguments to function CodeIgniter\Router\RouteCollection::get(), 1 passed in C:\xampp\htdocs\fm_pos\app\Config\Routes.php on line 33 and at least 2 expected
in SYSTEMPATH\Router\RouteCollection.php on line 915.
 1 APPPATH\Config\Routes.php(33): CodeIgniter\Router\RouteCollection->get('Comon_Ci::index')
 2 SYSTEMPATH\Router\RouteCollection.php(267): require('APPPATH\\Config\\Routes.php')
 3 SYSTEMPATH\CodeIgniter.php(802): CodeIgniter\Router\RouteCollection->loadRoutes()
 4 SYSTEMPATH\CodeIgniter.php(449): CodeIgniter\CodeIgniter->tryToRouteIt(null)
 5 SYSTEMPATH\CodeIgniter.php(368): CodeIgniter\CodeIgniter->handleRequest(null, Object(Config\Cache), false)
 6 FCPATH\index.php(67): CodeIgniter\CodeIgniter->run()
CRITICAL - 2023-03-06 12:28:24 --> Invalid file: "add_customer.php"
in SYSTEMPATH\Exceptions\FrameworkException.php on line 33.
 1 SYSTEMPATH\View\View.php(201): CodeIgniter\Exceptions\FrameworkException::forInvalidFile('add_customer.php')
 2 SYSTEMPATH\Common.php(1184): CodeIgniter\View\View->render('add_customer', [], true)
 3 APPPATH\Controllers\Customer_ci.php(9): view('add_customer')
 4 SYSTEMPATH\CodeIgniter.php(934): App\Controllers\Customer_ci->add_customer()
 5 SYSTEMPATH\CodeIgniter.php(499): CodeIgniter\CodeIgniter->runController(Object(App\Controllers\Customer_ci))
 6 SYSTEMPATH\CodeIgniter.php(368): CodeIgniter\CodeIgniter->handleRequest(null, Object(Config\Cache), false)
 7 FCPATH\index.php(67): CodeIgniter\CodeIgniter->run()
CRITICAL - 2023-03-06 12:28:29 --> Invalid file: "view_customer.php"
in SYSTEMPATH\Exceptions\FrameworkException.php on line 33.
 1 SYSTEMPATH\View\View.php(201): CodeIgniter\Exceptions\FrameworkException::forInvalidFile('view_customer.php')
 2 SYSTEMPATH\Common.php(1184): CodeIgniter\View\View->render('view_customer', [], true)
 3 APPPATH\Controllers\Customer_ci.php(14): view('view_customer')
 4 SYSTEMPATH\CodeIgniter.php(934): App\Controllers\Customer_ci->view_customer()
 5 SYSTEMPATH\CodeIgniter.php(499): CodeIgniter\CodeIgniter->runController(Object(App\Controllers\Customer_ci))
 6 SYSTEMPATH\CodeIgniter.php(368): CodeIgniter\CodeIgniter->handleRequest(null, Object(Config\Cache), false)
 7 FCPATH\index.php(67): CodeIgniter\CodeIgniter->run()
CRITICAL - 2023-03-06 12:33:08 --> include(inc/urls.php): failed to open stream: No such file or directory
in APPPATH\Views\customer\add_customer.php on line 11.
 1 APPPATH\Views\customer\add_customer.php(11): CodeIgniter\Debug\Exceptions->errorHandler(2, 'include(inc/urls.php): failed to open stream: No such file or directory', 'APPPATH\\Views\\customer\\add_customer.php', 11, [])
 2 APPPATH\Views\customer\add_customer.php(11): include()
 3 SYSTEMPATH\View\View.php(213): include('APPPATH\\Views\\customer\\add_customer.php')
 4 SYSTEMPATH\View\View.php(216): CodeIgniter\View\View->CodeIgniter\View\{closure}()
 5 SYSTEMPATH\Common.php(1184): CodeIgniter\View\View->render('customer/add_customer', [], true)
 6 APPPATH\Controllers\Customer_ci.php(9): view('customer/add_customer')
 7 SYSTEMPATH\CodeIgniter.php(934): App\Controllers\Customer_ci->add_customer()
 8 SYSTEMPATH\CodeIgniter.php(499): CodeIgniter\CodeIgniter->runController(Object(App\Controllers\Customer_ci))
 9 SYSTEMPATH\CodeIgniter.php(368): CodeIgniter\CodeIgniter->handleRequest(null, Object(Config\Cache), false)
10 FCPATH\index.php(67): CodeIgniter\CodeIgniter->run()
CRITICAL - 2023-03-06 12:33:13 --> include(inc/urls.php): failed to open stream: No such file or directory
in APPPATH\Views\customer\add_customer.php on line 11.
 1 APPPATH\Views\customer\add_customer.php(11): CodeIgniter\Debug\Exceptions->errorHandler(2, 'include(inc/urls.php): failed to open stream: No such file or directory', 'APPPATH\\Views\\customer\\add_customer.php', 11, [])
 2 APPPATH\Views\customer\add_customer.php(11): include()
 3 SYSTEMPATH\View\View.php(213): include('APPPATH\\Views\\customer\\add_customer.php')
 4 SYSTEMPATH\View\View.php(216): CodeIgniter\View\View->CodeIgniter\View\{closure}()
 5 SYSTEMPATH\Common.php(1184): CodeIgniter\View\View->render('customer/add_customer', [], true)
 6 APPPATH\Controllers\Customer_ci.php(9): view('customer/add_customer')
 7 SYSTEMPATH\CodeIgniter.php(934): App\Controllers\Customer_ci->add_customer()
 8 SYSTEMPATH\CodeIgniter.php(499): CodeIgniter\CodeIgniter->runController(Object(App\Controllers\Customer_ci))
 9 SYSTEMPATH\CodeIgniter.php(368): CodeIgniter\CodeIgniter->handleRequest(null, Object(Config\Cache), false)
10 FCPATH\index.php(67): CodeIgniter\CodeIgniter->run()
CRITICAL - 2023-03-06 12:33:22 --> include(inc/urls.php): failed to open stream: No such file or directory
in APPPATH\Views\customer\add_customer.php on line 11.
 1 APPPATH\Views\customer\add_customer.php(11): CodeIgniter\Debug\Exceptions->errorHandler(2, 'include(inc/urls.php): failed to open stream: No such file or directory', 'APPPATH\\Views\\customer\\add_customer.php', 11, [])
 2 APPPATH\Views\customer\add_customer.php(11): include()
 3 SYSTEMPATH\View\View.php(213): include('APPPATH\\Views\\customer\\add_customer.php')
 4 SYSTEMPATH\View\View.php(216): CodeIgniter\View\View->CodeIgniter\View\{closure}()
 5 SYSTEMPATH\Common.php(1184): CodeIgniter\View\View->render('customer/add_customer', [], true)
 6 APPPATH\Controllers\Customer_ci.php(9): view('customer/add_customer')
 7 SYSTEMPATH\CodeIgniter.php(934): App\Controllers\Customer_ci->add_customer()
 8 SYSTEMPATH\CodeIgniter.php(499): CodeIgniter\CodeIgniter->runController(Object(App\Controllers\Customer_ci))
 9 SYSTEMPATH\CodeIgniter.php(368): CodeIgniter\CodeIgniter->handleRequest(null, Object(Config\Cache), false)
10 FCPATH\index.php(67): CodeIgniter\CodeIgniter->run()
CRITICAL - 2023-03-06 12:34:28 --> include(inc/urls.php): failed to open stream: No such file or directory
in APPPATH\Views\customer\add_customer.php on line 11.
 1 APPPATH\Views\customer\add_customer.php(11): CodeIgniter\Debug\Exceptions->errorHandler(2, 'include(inc/urls.php): failed to open stream: No such file or directory', 'APPPATH\\Views\\customer\\add_customer.php', 11, [])
 2 APPPATH\Views\customer\add_customer.php(11): include()
 3 SYSTEMPATH\View\View.php(213): include('APPPATH\\Views\\customer\\add_customer.php')
 4 SYSTEMPATH\View\View.php(216): CodeIgniter\View\View->CodeIgniter\View\{closure}()
 5 SYSTEMPATH\Common.php(1184): CodeIgniter\View\View->render('customer/add_customer', [], true)
 6 APPPATH\Controllers\Customer_ci.php(9): view('customer/add_customer')
 7 SYSTEMPATH\CodeIgniter.php(934): App\Controllers\Customer_ci->add_customer()
 8 SYSTEMPATH\CodeIgniter.php(499): CodeIgniter\CodeIgniter->runController(Object(App\Controllers\Customer_ci))
 9 SYSTEMPATH\CodeIgniter.php(368): CodeIgniter\CodeIgniter->handleRequest(null, Object(Config\Cache), false)
10 FCPATH\index.php(67): CodeIgniter\CodeIgniter->run()
CRITICAL - 2023-03-06 12:38:58 --> include(inc/urls.php): failed to open stream: No such file or directory
in APPPATH\Views\customer\add_customer.php on line 11.
 1 APPPATH\Views\customer\add_customer.php(11): CodeIgniter\Debug\Exceptions->errorHandler(2, 'include(inc/urls.php): failed to open stream: No such file or directory', 'APPPATH\\Views\\customer\\add_customer.php', 11, [])
 2 APPPATH\Views\customer\add_customer.php(11): include()
 3 SYSTEMPATH\View\View.php(213): include('APPPATH\\Views\\customer\\add_customer.php')
 4 SYSTEMPATH\View\View.php(216): CodeIgniter\View\View->CodeIgniter\View\{closure}()
 5 SYSTEMPATH\Common.php(1184): CodeIgniter\View\View->render('customer/add_customer', [], true)
 6 APPPATH\Controllers\Customer_ci.php(9): view('customer/add_customer')
 7 SYSTEMPATH\CodeIgniter.php(934): App\Controllers\Customer_ci->add_customer()
 8 SYSTEMPATH\CodeIgniter.php(499): CodeIgniter\CodeIgniter->runController(Object(App\Controllers\Customer_ci))
 9 SYSTEMPATH\CodeIgniter.php(368): CodeIgniter\CodeIgniter->handleRequest(null, Object(Config\Cache), false)
10 FCPATH\index.php(67): CodeIgniter\CodeIgniter->run()
CRITICAL - 2023-03-06 12:39:03 --> include(inc/urls.php): failed to open stream: No such file or directory
in APPPATH\Views\supplier\add_supplier.php on line 11.
 1 APPPATH\Views\supplier\add_supplier.php(11): CodeIgniter\Debug\Exceptions->errorHandler(2, 'include(inc/urls.php): failed to open stream: No such file or directory', 'APPPATH\\Views\\supplier\\add_supplier.php', 11, [])
 2 APPPATH\Views\supplier\add_supplier.php(11): include()
 3 SYSTEMPATH\View\View.php(213): include('APPPATH\\Views\\supplier\\add_supplier.php')
 4 SYSTEMPATH\View\View.php(216): CodeIgniter\View\View->CodeIgniter\View\{closure}()
 5 SYSTEMPATH\Common.php(1184): CodeIgniter\View\View->render('supplier/add_supplier', [], true)
 6 APPPATH\Controllers\Supplier_ci.php(9): view('supplier/add_supplier')
 7 SYSTEMPATH\CodeIgniter.php(934): App\Controllers\Supplier_ci->add_supplier()
 8 SYSTEMPATH\CodeIgniter.php(499): CodeIgniter\CodeIgniter->runController(Object(App\Controllers\Supplier_ci))
 9 SYSTEMPATH\CodeIgniter.php(368): CodeIgniter\CodeIgniter->handleRequest(null, Object(Config\Cache), false)
10 FCPATH\index.php(67): CodeIgniter\CodeIgniter->run()
CRITICAL - 2023-03-06 12:40:24 --> include(inc/urls.php): failed to open stream: No such file or directory
in APPPATH\Views\supplier\add_supplier.php on line 11.
 1 APPPATH\Views\supplier\add_supplier.php(11): CodeIgniter\Debug\Exceptions->errorHandler(2, 'include(inc/urls.php): failed to open stream: No such file or directory', 'APPPATH\\Views\\supplier\\add_supplier.php', 11, [])
 2 APPPATH\Views\supplier\add_supplier.php(11): include()
 3 SYSTEMPATH\View\View.php(213): include('APPPATH\\Views\\supplier\\add_supplier.php')
 4 SYSTEMPATH\View\View.php(216): CodeIgniter\View\View->CodeIgniter\View\{closure}()
 5 SYSTEMPATH\Common.php(1184): CodeIgniter\View\View->render('supplier/add_supplier', [], true)
 6 APPPATH\Controllers\Supplier_ci.php(9): view('supplier/add_supplier')
 7 SYSTEMPATH\CodeIgniter.php(934): App\Controllers\Supplier_ci->add_supplier()
 8 SYSTEMPATH\CodeIgniter.php(499): CodeIgniter\CodeIgniter->runController(Object(App\Controllers\Supplier_ci))
 9 SYSTEMPATH\CodeIgniter.php(368): CodeIgniter\CodeIgniter->handleRequest(null, Object(Config\Cache), false)
10 FCPATH\index.php(67): CodeIgniter\CodeIgniter->run()
CRITICAL - 2023-03-06 12:40:31 --> include(inc/urls.php): failed to open stream: No such file or directory
in APPPATH\Views\supplier\add_supplier.php on line 11.
 1 APPPATH\Views\supplier\add_supplier.php(11): CodeIgniter\Debug\Exceptions->errorHandler(2, 'include(inc/urls.php): failed to open stream: No such file or directory', 'APPPATH\\Views\\supplier\\add_supplier.php', 11, [])
 2 APPPATH\Views\supplier\add_supplier.php(11): include()
 3 SYSTEMPATH\View\View.php(213): include('APPPATH\\Views\\supplier\\add_supplier.php')
 4 SYSTEMPATH\View\View.php(216): CodeIgniter\View\View->CodeIgniter\View\{closure}()
 5 SYSTEMPATH\Common.php(1184): CodeIgniter\View\View->render('supplier/add_supplier', [], true)
 6 APPPATH\Controllers\Supplier_ci.php(9): view('supplier/add_supplier')
 7 SYSTEMPATH\CodeIgniter.php(934): App\Controllers\Supplier_ci->add_supplier()
 8 SYSTEMPATH\CodeIgniter.php(499): CodeIgniter\CodeIgniter->runController(Object(App\Controllers\Supplier_ci))
 9 SYSTEMPATH\CodeIgniter.php(368): CodeIgniter\CodeIgniter->handleRequest(null, Object(Config\Cache), false)
10 FCPATH\index.php(67): CodeIgniter\CodeIgniter->run()
CRITICAL - 2023-03-06 12:40:43 --> include(inc/urls.php): failed to open stream: No such file or directory
in APPPATH\Views\supplier\add_supplier.php on line 11.
 1 APPPATH\Views\supplier\add_supplier.php(11): CodeIgniter\Debug\Exceptions->errorHandler(2, 'include(inc/urls.php): failed to open stream: No such file or directory', 'APPPATH\\Views\\supplier\\add_supplier.php', 11, [])
 2 APPPATH\Views\supplier\add_supplier.php(11): include()
 3 SYSTEMPATH\View\View.php(213): include('APPPATH\\Views\\supplier\\add_supplier.php')
 4 SYSTEMPATH\View\View.php(216): CodeIgniter\View\View->CodeIgniter\View\{closure}()
 5 SYSTEMPATH\Common.php(1184): CodeIgniter\View\View->render('supplier/add_supplier', [], true)
 6 APPPATH\Controllers\Supplier_ci.php(9): view('supplier/add_supplier')
 7 SYSTEMPATH\CodeIgniter.php(934): App\Controllers\Supplier_ci->add_supplier()
 8 SYSTEMPATH\CodeIgniter.php(499): CodeIgniter\CodeIgniter->runController(Object(App\Controllers\Supplier_ci))
 9 SYSTEMPATH\CodeIgniter.php(368): CodeIgniter\CodeIgniter->handleRequest(null, Object(Config\Cache), false)
10 FCPATH\index.php(67): CodeIgniter\CodeIgniter->run()
CRITICAL - 2023-03-06 12:41:31 --> include(inc/footer.php): failed to open stream: No such file or directory
in APPPATH\Views\supplier\add_supplier.php on line 155.
 1 APPPATH\Views\supplier\add_supplier.php(155): CodeIgniter\Debug\Exceptions->errorHandler(2, 'include(inc/footer.php): failed to open stream: No such file or directory', 'APPPATH\\Views\\supplier\\add_supplier.php', 155, [])
 2 APPPATH\Views\supplier\add_supplier.php(155): include()
 3 SYSTEMPATH\View\View.php(213): include('APPPATH\\Views\\supplier\\add_supplier.php')
 4 SYSTEMPATH\View\View.php(216): CodeIgniter\View\View->CodeIgniter\View\{closure}()
 5 SYSTEMPATH\Common.php(1184): CodeIgniter\View\View->render('supplier/add_supplier', [], true)
 6 APPPATH\Controllers\Supplier_ci.php(9): view('supplier/add_supplier')
 7 SYSTEMPATH\CodeIgniter.php(934): App\Controllers\Supplier_ci->add_supplier()
 8 SYSTEMPATH\CodeIgniter.php(499): CodeIgniter\CodeIgniter->runController(Object(App\Controllers\Supplier_ci))
 9 SYSTEMPATH\CodeIgniter.php(368): CodeIgniter\CodeIgniter->handleRequest(null, Object(Config\Cache), false)
10 FCPATH\index.php(67): CodeIgniter\CodeIgniter->run()
CRITICAL - 2023-03-06 13:07:08 --> include(inc/urls.php): failed to open stream: No such file or directory
in APPPATH\Views\management\employee_target.php on line 11.
 1 APPPATH\Views\management\employee_target.php(11): CodeIgniter\Debug\Exceptions->errorHandler(2, 'include(inc/urls.php): failed to open stream: No such file or directory', 'APPPATH\\Views\\management\\employee_target.php', 11, [])
 2 APPPATH\Views\management\employee_target.php(11): include()
 3 SYSTEMPATH\View\View.php(213): include('APPPATH\\Views\\management\\employee_target.php')
 4 SYSTEMPATH\View\View.php(216): CodeIgniter\View\View->CodeIgniter\View\{closure}()
 5 SYSTEMPATH\Common.php(1184): CodeIgniter\View\View->render('management/employee_target', [], true)
 6 APPPATH\Controllers\Management_ci.php(9): view('management/employee_target')
 7 SYSTEMPATH\CodeIgniter.php(934): App\Controllers\Management_ci->employee_target()
 8 SYSTEMPATH\CodeIgniter.php(499): CodeIgniter\CodeIgniter->runController(Object(App\Controllers\Management_ci))
 9 SYSTEMPATH\CodeIgniter.php(368): CodeIgniter\CodeIgniter->handleRequest(null, Object(Config\Cache), false)
10 FCPATH\index.php(67): CodeIgniter\CodeIgniter->run()
